<?xml version="1.0" encoding="UTF-8"?>
<!-- Generated by org.testng.reporters.JUnitReportReporter -->
<testsuite hostname="WXP1468" name="org.semarglproject.jena.JenaRdfaXPathReaderTest" tests="343" failures="331" timestamp="22 Jan 2013 11:45:46 GMT" time="0.374" errors="0">
  <testcase name="Rdfa11XmlTestsJena" time="0.000" classname="org.semarglproject.jena.JenaRdfaXPathReaderTest">
    <failure type="com.hp.hpl.jena.shared.NoReaderForLangException" message="RDFA">
      <![CDATA[com.hp.hpl.jena.shared.NoReaderForLangException: RDFA
	at com.hp.hpl.jena.rdf.model.impl.RDFReaderFImpl.getReader(RDFReaderFImpl.java:101)
	at com.hp.hpl.jena.rdf.model.impl.ModelCom.read(ModelCom.java:261)
	at org.semarglproject.jena.JenaRdfaXPathReaderTest$1.run(JenaRdfaXPathReaderTest.java:45)
	at org.semarglproject.rdf.rdfa.RdfaTestBundle.runTestBundle(RdfaTestBundle.java:196)
	at org.semarglproject.jena.JenaRdfaXPathReaderTest.Rdfa11XmlTestsJena(JenaRdfaXPathReaderTest.java:151)
	at sun.reflect.GeneratedMethodAccessor3.invoke(Unknown Source)
	at sun.reflect.DelegatingMethodAccessorImpl.invoke(Unknown Source)
	at java.lang.reflect.Method.invoke(Unknown Source)
	at org.testng.internal.MethodInvocationHelper.invokeMethod(MethodInvocationHelper.java:80)
	at org.testng.internal.Invoker.invokeMethod(Invoker.java:714)
	at org.testng.internal.Invoker.invokeTestMethod(Invoker.java:901)
	at org.testng.internal.Invoker.invokeTestMethods(Invoker.java:1231)
	at org.testng.internal.TestMethodWorker.invokeTestMethods(TestMethodWorker.java:128)
	at org.testng.internal.TestMethodWorker.run(TestMethodWorker.java:111)
	at org.testng.TestRunner.privateRun(TestRunner.java:767)
	at org.testng.TestRunner.run(TestRunner.java:617)
	at org.testng.SuiteRunner.runTest(SuiteRunner.java:334)
	at org.testng.SuiteRunner.runSequentially(SuiteRunner.java:329)
	at org.testng.SuiteRunner.privateRun(SuiteRunner.java:291)
	at org.testng.SuiteRunner.run(SuiteRunner.java:240)
	at org.testng.SuiteRunnerWorker.runSuite(SuiteRunnerWorker.java:52)
	at org.testng.SuiteRunnerWorker.run(SuiteRunnerWorker.java:86)
	at org.testng.TestNG.runSuitesSequentially(TestNG.java:1203)
	at org.testng.TestNG.runSuitesLocally(TestNG.java:1128)
	at org.testng.TestNG.run(TestNG.java:1036)
	at org.testng.remote.RemoteTestNG.run(RemoteTestNG.java:111)
	at org.testng.remote.RemoteTestNG.initAndRun(RemoteTestNG.java:204)
	at org.testng.remote.RemoteTestNG.main(RemoteTestNG.java:175)
]]>
    </failure>
  </testcase> <!-- Rdfa11XmlTestsJena -->
  <testcase name="Rdfa11Html5TestsJena" time="0.000" classname="org.semarglproject.jena.JenaRdfaXPathReaderTest">
    <failure type="com.hp.hpl.jena.shared.NoReaderForLangException" message="RDFA">
      <![CDATA[com.hp.hpl.jena.shared.NoReaderForLangException: RDFA
	at com.hp.hpl.jena.rdf.model.impl.RDFReaderFImpl.getReader(RDFReaderFImpl.java:101)
	at com.hp.hpl.jena.rdf.model.impl.ModelCom.read(ModelCom.java:261)
	at org.semarglproject.jena.JenaRdfaXPathReaderTest$1.run(JenaRdfaXPathReaderTest.java:45)
	at org.semarglproject.rdf.rdfa.RdfaTestBundle.runTestBundle(RdfaTestBundle.java:196)
	at org.semarglproject.jena.JenaRdfaXPathReaderTest.Rdfa11Html5TestsJena(JenaRdfaXPathReaderTest.java:142)
	at sun.reflect.GeneratedMethodAccessor2.invoke(Unknown Source)
	at sun.reflect.DelegatingMethodAccessorImpl.invoke(Unknown Source)
	at java.lang.reflect.Method.invoke(Unknown Source)
	at org.testng.internal.MethodInvocationHelper.invokeMethod(MethodInvocationHelper.java:80)
	at org.testng.internal.Invoker.invokeMethod(Invoker.java:714)
	at org.testng.internal.Invoker.invokeTestMethod(Invoker.java:901)
	at org.testng.internal.Invoker.invokeTestMethods(Invoker.java:1231)
	at org.testng.internal.TestMethodWorker.invokeTestMethods(TestMethodWorker.java:128)
	at org.testng.internal.TestMethodWorker.run(TestMethodWorker.java:111)
	at org.testng.TestRunner.privateRun(TestRunner.java:767)
	at org.testng.TestRunner.run(TestRunner.java:617)
	at org.testng.SuiteRunner.runTest(SuiteRunner.java:334)
	at org.testng.SuiteRunner.runSequentially(SuiteRunner.java:329)
	at org.testng.SuiteRunner.privateRun(SuiteRunner.java:291)
	at org.testng.SuiteRunner.run(SuiteRunner.java:240)
	at org.testng.SuiteRunnerWorker.runSuite(SuiteRunnerWorker.java:52)
	at org.testng.SuiteRunnerWorker.run(SuiteRunnerWorker.java:86)
	at org.testng.TestNG.runSuitesSequentially(TestNG.java:1203)
	at org.testng.TestNG.runSuitesLocally(TestNG.java:1128)
	at org.testng.TestNG.run(TestNG.java:1036)
	at org.testng.remote.RemoteTestNG.run(RemoteTestNG.java:111)
	at org.testng.remote.RemoteTestNG.initAndRun(RemoteTestNG.java:204)
	at org.testng.remote.RemoteTestNG.main(RemoteTestNG.java:175)
]]>
    </failure>
  </testcase> <!-- Rdfa11Html5TestsJena -->
  <testcase name="Rdfa11XmlTestsJena" time="0.000" classname="org.semarglproject.jena.JenaRdfaXPathReaderTest">
    <failure type="com.hp.hpl.jena.shared.NoReaderForLangException" message="RDFA">
      <![CDATA[com.hp.hpl.jena.shared.NoReaderForLangException: RDFA
	at com.hp.hpl.jena.rdf.model.impl.RDFReaderFImpl.getReader(RDFReaderFImpl.java:101)
	at com.hp.hpl.jena.rdf.model.impl.ModelCom.read(ModelCom.java:261)
	at org.semarglproject.jena.JenaRdfaXPathReaderTest$1.run(JenaRdfaXPathReaderTest.java:45)
	at org.semarglproject.rdf.rdfa.RdfaTestBundle.runTestBundle(RdfaTestBundle.java:196)
	at org.semarglproject.jena.JenaRdfaXPathReaderTest.Rdfa11XmlTestsJena(JenaRdfaXPathReaderTest.java:151)
	at sun.reflect.GeneratedMethodAccessor3.invoke(Unknown Source)
	at sun.reflect.DelegatingMethodAccessorImpl.invoke(Unknown Source)
	at java.lang.reflect.Method.invoke(Unknown Source)
	at org.testng.internal.MethodInvocationHelper.invokeMethod(MethodInvocationHelper.java:80)
	at org.testng.internal.Invoker.invokeMethod(Invoker.java:714)
	at org.testng.internal.Invoker.invokeTestMethod(Invoker.java:901)
	at org.testng.internal.Invoker.invokeTestMethods(Invoker.java:1231)
	at org.testng.internal.TestMethodWorker.invokeTestMethods(TestMethodWorker.java:128)
	at org.testng.internal.TestMethodWorker.run(TestMethodWorker.java:111)
	at org.testng.TestRunner.privateRun(TestRunner.java:767)
	at org.testng.TestRunner.run(TestRunner.java:617)
	at org.testng.SuiteRunner.runTest(SuiteRunner.java:334)
	at org.testng.SuiteRunner.runSequentially(SuiteRunner.java:329)
	at org.testng.SuiteRunner.privateRun(SuiteRunner.java:291)
	at org.testng.SuiteRunner.run(SuiteRunner.java:240)
	at org.testng.SuiteRunnerWorker.runSuite(SuiteRunnerWorker.java:52)
	at org.testng.SuiteRunnerWorker.run(SuiteRunnerWorker.java:86)
	at org.testng.TestNG.runSuitesSequentially(TestNG.java:1203)
	at org.testng.TestNG.runSuitesLocally(TestNG.java:1128)
	at org.testng.TestNG.run(TestNG.java:1036)
	at org.testng.remote.RemoteTestNG.run(RemoteTestNG.java:111)
	at org.testng.remote.RemoteTestNG.initAndRun(RemoteTestNG.java:204)
	at org.testng.remote.RemoteTestNG.main(RemoteTestNG.java:175)
]]>
    </failure>
  </testcase> <!-- Rdfa11XmlTestsJena -->
  <testcase name="Rdfa11Html5TestsJena" time="0.000" classname="org.semarglproject.jena.JenaRdfaXPathReaderTest">
    <failure type="com.hp.hpl.jena.shared.NoReaderForLangException" message="RDFA">
      <![CDATA[com.hp.hpl.jena.shared.NoReaderForLangException: RDFA
	at com.hp.hpl.jena.rdf.model.impl.RDFReaderFImpl.getReader(RDFReaderFImpl.java:101)
	at com.hp.hpl.jena.rdf.model.impl.ModelCom.read(ModelCom.java:261)
	at org.semarglproject.jena.JenaRdfaXPathReaderTest$1.run(JenaRdfaXPathReaderTest.java:45)
	at org.semarglproject.rdf.rdfa.RdfaTestBundle.runTestBundle(RdfaTestBundle.java:196)
	at org.semarglproject.jena.JenaRdfaXPathReaderTest.Rdfa11Html5TestsJena(JenaRdfaXPathReaderTest.java:142)
	at sun.reflect.GeneratedMethodAccessor2.invoke(Unknown Source)
	at sun.reflect.DelegatingMethodAccessorImpl.invoke(Unknown Source)
	at java.lang.reflect.Method.invoke(Unknown Source)
	at org.testng.internal.MethodInvocationHelper.invokeMethod(MethodInvocationHelper.java:80)
	at org.testng.internal.Invoker.invokeMethod(Invoker.java:714)
	at org.testng.internal.Invoker.invokeTestMethod(Invoker.java:901)
	at org.testng.internal.Invoker.invokeTestMethods(Invoker.java:1231)
	at org.testng.internal.TestMethodWorker.invokeTestMethods(TestMethodWorker.java:128)
	at org.testng.internal.TestMethodWorker.run(TestMethodWorker.java:111)
	at org.testng.TestRunner.privateRun(TestRunner.java:767)
	at org.testng.TestRunner.run(TestRunner.java:617)
	at org.testng.SuiteRunner.runTest(SuiteRunner.java:334)
	at org.testng.SuiteRunner.runSequentially(SuiteRunner.java:329)
	at org.testng.SuiteRunner.privateRun(SuiteRunner.java:291)
	at org.testng.SuiteRunner.run(SuiteRunner.java:240)
	at org.testng.SuiteRunnerWorker.runSuite(SuiteRunnerWorker.java:52)
	at org.testng.SuiteRunnerWorker.run(SuiteRunnerWorker.java:86)
	at org.testng.TestNG.runSuitesSequentially(TestNG.java:1203)
	at org.testng.TestNG.runSuitesLocally(TestNG.java:1128)
	at org.testng.TestNG.run(TestNG.java:1036)
	at org.testng.remote.RemoteTestNG.run(RemoteTestNG.java:111)
	at org.testng.remote.RemoteTestNG.initAndRun(RemoteTestNG.java:204)
	at org.testng.remote.RemoteTestNG.main(RemoteTestNG.java:175)
]]>
    </failure>
  </testcase> <!-- Rdfa11Html5TestsJena -->
  <testcase name="Rdfa11Html5TestsJena" time="0.000" classname="org.semarglproject.jena.JenaRdfaXPathReaderTest">
    <failure type="com.hp.hpl.jena.shared.NoReaderForLangException" message="RDFA">
      <![CDATA[com.hp.hpl.jena.shared.NoReaderForLangException: RDFA
	at com.hp.hpl.jena.rdf.model.impl.RDFReaderFImpl.getReader(RDFReaderFImpl.java:101)
	at com.hp.hpl.jena.rdf.model.impl.ModelCom.read(ModelCom.java:261)
	at org.semarglproject.jena.JenaRdfaXPathReaderTest$1.run(JenaRdfaXPathReaderTest.java:45)
	at org.semarglproject.rdf.rdfa.RdfaTestBundle.runTestBundle(RdfaTestBundle.java:196)
	at org.semarglproject.jena.JenaRdfaXPathReaderTest.Rdfa11Html5TestsJena(JenaRdfaXPathReaderTest.java:142)
	at sun.reflect.GeneratedMethodAccessor2.invoke(Unknown Source)
	at sun.reflect.DelegatingMethodAccessorImpl.invoke(Unknown Source)
	at java.lang.reflect.Method.invoke(Unknown Source)
	at org.testng.internal.MethodInvocationHelper.invokeMethod(MethodInvocationHelper.java:80)
	at org.testng.internal.Invoker.invokeMethod(Invoker.java:714)
	at org.testng.internal.Invoker.invokeTestMethod(Invoker.java:901)
	at org.testng.internal.Invoker.invokeTestMethods(Invoker.java:1231)
	at org.testng.internal.TestMethodWorker.invokeTestMethods(TestMethodWorker.java:128)
	at org.testng.internal.TestMethodWorker.run(TestMethodWorker.java:111)
	at org.testng.TestRunner.privateRun(TestRunner.java:767)
	at org.testng.TestRunner.run(TestRunner.java:617)
	at org.testng.SuiteRunner.runTest(SuiteRunner.java:334)
	at org.testng.SuiteRunner.runSequentially(SuiteRunner.java:329)
	at org.testng.SuiteRunner.privateRun(SuiteRunner.java:291)
	at org.testng.SuiteRunner.run(SuiteRunner.java:240)
	at org.testng.SuiteRunnerWorker.runSuite(SuiteRunnerWorker.java:52)
	at org.testng.SuiteRunnerWorker.run(SuiteRunnerWorker.java:86)
	at org.testng.TestNG.runSuitesSequentially(TestNG.java:1203)
	at org.testng.TestNG.runSuitesLocally(TestNG.java:1128)
	at org.testng.TestNG.run(TestNG.java:1036)
	at org.testng.remote.RemoteTestNG.run(RemoteTestNG.java:111)
	at org.testng.remote.RemoteTestNG.initAndRun(RemoteTestNG.java:204)
	at org.testng.remote.RemoteTestNG.main(RemoteTestNG.java:175)
]]>
    </failure>
  </testcase> <!-- Rdfa11Html5TestsJena -->
  <testcase name="Rdfa11Html5TestsJena" time="0.000" classname="org.semarglproject.jena.JenaRdfaXPathReaderTest">
    <failure type="com.hp.hpl.jena.shared.NoReaderForLangException" message="RDFA">
      <![CDATA[com.hp.hpl.jena.shared.NoReaderForLangException: RDFA
	at com.hp.hpl.jena.rdf.model.impl.RDFReaderFImpl.getReader(RDFReaderFImpl.java:101)
	at com.hp.hpl.jena.rdf.model.impl.ModelCom.read(ModelCom.java:261)
	at org.semarglproject.jena.JenaRdfaXPathReaderTest$1.run(JenaRdfaXPathReaderTest.java:45)
	at org.semarglproject.rdf.rdfa.RdfaTestBundle.runTestBundle(RdfaTestBundle.java:196)
	at org.semarglproject.jena.JenaRdfaXPathReaderTest.Rdfa11Html5TestsJena(JenaRdfaXPathReaderTest.java:142)
	at sun.reflect.GeneratedMethodAccessor2.invoke(Unknown Source)
	at sun.reflect.DelegatingMethodAccessorImpl.invoke(Unknown Source)
	at java.lang.reflect.Method.invoke(Unknown Source)
	at org.testng.internal.MethodInvocationHelper.invokeMethod(MethodInvocationHelper.java:80)
	at org.testng.internal.Invoker.invokeMethod(Invoker.java:714)
	at org.testng.internal.Invoker.invokeTestMethod(Invoker.java:901)
	at org.testng.internal.Invoker.invokeTestMethods(Invoker.java:1231)
	at org.testng.internal.TestMethodWorker.invokeTestMethods(TestMethodWorker.java:128)
	at org.testng.internal.TestMethodWorker.run(TestMethodWorker.java:111)
	at org.testng.TestRunner.privateRun(TestRunner.java:767)
	at org.testng.TestRunner.run(TestRunner.java:617)
	at org.testng.SuiteRunner.runTest(SuiteRunner.java:334)
	at org.testng.SuiteRunner.runSequentially(SuiteRunner.java:329)
	at org.testng.SuiteRunner.privateRun(SuiteRunner.java:291)
	at org.testng.SuiteRunner.run(SuiteRunner.java:240)
	at org.testng.SuiteRunnerWorker.runSuite(SuiteRunnerWorker.java:52)
	at org.testng.SuiteRunnerWorker.run(SuiteRunnerWorker.java:86)
	at org.testng.TestNG.runSuitesSequentially(TestNG.java:1203)
	at org.testng.TestNG.runSuitesLocally(TestNG.java:1128)
	at org.testng.TestNG.run(TestNG.java:1036)
	at org.testng.remote.RemoteTestNG.run(RemoteTestNG.java:111)
	at org.testng.remote.RemoteTestNG.initAndRun(RemoteTestNG.java:204)
	at org.testng.remote.RemoteTestNG.main(RemoteTestNG.java:175)
]]>
    </failure>
  </testcase> <!-- Rdfa11Html5TestsJena -->
  <testcase name="Rdfa11Html5TestsJena" time="0.000" classname="org.semarglproject.jena.JenaRdfaXPathReaderTest">
    <failure type="com.hp.hpl.jena.shared.NoReaderForLangException" message="RDFA">
      <![CDATA[com.hp.hpl.jena.shared.NoReaderForLangException: RDFA
	at com.hp.hpl.jena.rdf.model.impl.RDFReaderFImpl.getReader(RDFReaderFImpl.java:101)
	at com.hp.hpl.jena.rdf.model.impl.ModelCom.read(ModelCom.java:261)
	at org.semarglproject.jena.JenaRdfaXPathReaderTest$1.run(JenaRdfaXPathReaderTest.java:45)
	at org.semarglproject.rdf.rdfa.RdfaTestBundle.runTestBundle(RdfaTestBundle.java:196)
	at org.semarglproject.jena.JenaRdfaXPathReaderTest.Rdfa11Html5TestsJena(JenaRdfaXPathReaderTest.java:142)
	at sun.reflect.GeneratedMethodAccessor2.invoke(Unknown Source)
	at sun.reflect.DelegatingMethodAccessorImpl.invoke(Unknown Source)
	at java.lang.reflect.Method.invoke(Unknown Source)
	at org.testng.internal.MethodInvocationHelper.invokeMethod(MethodInvocationHelper.java:80)
	at org.testng.internal.Invoker.invokeMethod(Invoker.java:714)
	at org.testng.internal.Invoker.invokeTestMethod(Invoker.java:901)
	at org.testng.internal.Invoker.invokeTestMethods(Invoker.java:1231)
	at org.testng.internal.TestMethodWorker.invokeTestMethods(TestMethodWorker.java:128)
	at org.testng.internal.TestMethodWorker.run(TestMethodWorker.java:111)
	at org.testng.TestRunner.privateRun(TestRunner.java:767)
	at org.testng.TestRunner.run(TestRunner.java:617)
	at org.testng.SuiteRunner.runTest(SuiteRunner.java:334)
	at org.testng.SuiteRunner.runSequentially(SuiteRunner.java:329)
	at org.testng.SuiteRunner.privateRun(SuiteRunner.java:291)
	at org.testng.SuiteRunner.run(SuiteRunner.java:240)
	at org.testng.SuiteRunnerWorker.runSuite(SuiteRunnerWorker.java:52)
	at org.testng.SuiteRunnerWorker.run(SuiteRunnerWorker.java:86)
	at org.testng.TestNG.runSuitesSequentially(TestNG.java:1203)
	at org.testng.TestNG.runSuitesLocally(TestNG.java:1128)
	at org.testng.TestNG.run(TestNG.java:1036)
	at org.testng.remote.RemoteTestNG.run(RemoteTestNG.java:111)
	at org.testng.remote.RemoteTestNG.initAndRun(RemoteTestNG.java:204)
	at org.testng.remote.RemoteTestNG.main(RemoteTestNG.java:175)
]]>
    </failure>
  </testcase> <!-- Rdfa11Html5TestsJena -->
  <testcase name="Rdfa11XmlTestsJena" time="0.000" classname="org.semarglproject.jena.JenaRdfaXPathReaderTest">
    <failure type="com.hp.hpl.jena.shared.NoReaderForLangException" message="RDFA">
      <![CDATA[com.hp.hpl.jena.shared.NoReaderForLangException: RDFA
	at com.hp.hpl.jena.rdf.model.impl.RDFReaderFImpl.getReader(RDFReaderFImpl.java:101)
	at com.hp.hpl.jena.rdf.model.impl.ModelCom.read(ModelCom.java:261)
	at org.semarglproject.jena.JenaRdfaXPathReaderTest$1.run(JenaRdfaXPathReaderTest.java:45)
	at org.semarglproject.rdf.rdfa.RdfaTestBundle.runTestBundle(RdfaTestBundle.java:196)
	at org.semarglproject.jena.JenaRdfaXPathReaderTest.Rdfa11XmlTestsJena(JenaRdfaXPathReaderTest.java:151)
	at sun.reflect.NativeMethodAccessorImpl.invoke0(Native Method)
	at sun.reflect.NativeMethodAccessorImpl.invoke(Unknown Source)
	at sun.reflect.DelegatingMethodAccessorImpl.invoke(Unknown Source)
	at java.lang.reflect.Method.invoke(Unknown Source)
	at org.testng.internal.MethodInvocationHelper.invokeMethod(MethodInvocationHelper.java:80)
	at org.testng.internal.Invoker.invokeMethod(Invoker.java:714)
	at org.testng.internal.Invoker.invokeTestMethod(Invoker.java:901)
	at org.testng.internal.Invoker.invokeTestMethods(Invoker.java:1231)
	at org.testng.internal.TestMethodWorker.invokeTestMethods(TestMethodWorker.java:128)
	at org.testng.internal.TestMethodWorker.run(TestMethodWorker.java:111)
	at org.testng.TestRunner.privateRun(TestRunner.java:767)
	at org.testng.TestRunner.run(TestRunner.java:617)
	at org.testng.SuiteRunner.runTest(SuiteRunner.java:334)
	at org.testng.SuiteRunner.runSequentially(SuiteRunner.java:329)
	at org.testng.SuiteRunner.privateRun(SuiteRunner.java:291)
	at org.testng.SuiteRunner.run(SuiteRunner.java:240)
	at org.testng.SuiteRunnerWorker.runSuite(SuiteRunnerWorker.java:52)
	at org.testng.SuiteRunnerWorker.run(SuiteRunnerWorker.java:86)
	at org.testng.TestNG.runSuitesSequentially(TestNG.java:1203)
	at org.testng.TestNG.runSuitesLocally(TestNG.java:1128)
	at org.testng.TestNG.run(TestNG.java:1036)
	at org.testng.remote.RemoteTestNG.run(RemoteTestNG.java:111)
	at org.testng.remote.RemoteTestNG.initAndRun(RemoteTestNG.java:204)
	at org.testng.remote.RemoteTestNG.main(RemoteTestNG.java:175)
]]>
    </failure>
  </testcase> <!-- Rdfa11XmlTestsJena -->
  <testcase name="Rdfa11Html5TestsJena" time="0.000" classname="org.semarglproject.jena.JenaRdfaXPathReaderTest">
    <failure type="com.hp.hpl.jena.shared.NoReaderForLangException" message="RDFA">
      <![CDATA[com.hp.hpl.jena.shared.NoReaderForLangException: RDFA
	at com.hp.hpl.jena.rdf.model.impl.RDFReaderFImpl.getReader(RDFReaderFImpl.java:101)
	at com.hp.hpl.jena.rdf.model.impl.ModelCom.read(ModelCom.java:261)
	at org.semarglproject.jena.JenaRdfaXPathReaderTest$1.run(JenaRdfaXPathReaderTest.java:45)
	at org.semarglproject.rdf.rdfa.RdfaTestBundle.runTestBundle(RdfaTestBundle.java:196)
	at org.semarglproject.jena.JenaRdfaXPathReaderTest.Rdfa11Html5TestsJena(JenaRdfaXPathReaderTest.java:142)
	at sun.reflect.GeneratedMethodAccessor2.invoke(Unknown Source)
	at sun.reflect.DelegatingMethodAccessorImpl.invoke(Unknown Source)
	at java.lang.reflect.Method.invoke(Unknown Source)
	at org.testng.internal.MethodInvocationHelper.invokeMethod(MethodInvocationHelper.java:80)
	at org.testng.internal.Invoker.invokeMethod(Invoker.java:714)
	at org.testng.internal.Invoker.invokeTestMethod(Invoker.java:901)
	at org.testng.internal.Invoker.invokeTestMethods(Invoker.java:1231)
	at org.testng.internal.TestMethodWorker.invokeTestMethods(TestMethodWorker.java:128)
	at org.testng.internal.TestMethodWorker.run(TestMethodWorker.java:111)
	at org.testng.TestRunner.privateRun(TestRunner.java:767)
	at org.testng.TestRunner.run(TestRunner.java:617)
	at org.testng.SuiteRunner.runTest(SuiteRunner.java:334)
	at org.testng.SuiteRunner.runSequentially(SuiteRunner.java:329)
	at org.testng.SuiteRunner.privateRun(SuiteRunner.java:291)
	at org.testng.SuiteRunner.run(SuiteRunner.java:240)
	at org.testng.SuiteRunnerWorker.runSuite(SuiteRunnerWorker.java:52)
	at org.testng.SuiteRunnerWorker.run(SuiteRunnerWorker.java:86)
	at org.testng.TestNG.runSuitesSequentially(TestNG.java:1203)
	at org.testng.TestNG.runSuitesLocally(TestNG.java:1128)
	at org.testng.TestNG.run(TestNG.java:1036)
	at org.testng.remote.RemoteTestNG.run(RemoteTestNG.java:111)
	at org.testng.remote.RemoteTestNG.initAndRun(RemoteTestNG.java:204)
	at org.testng.remote.RemoteTestNG.main(RemoteTestNG.java:175)
]]>
    </failure>
  </testcase> <!-- Rdfa11Html5TestsJena -->
  <testcase name="Rdfa11XmlTestsJena" time="0.015" classname="org.semarglproject.jena.JenaRdfaXPathReaderTest">
    <failure type="com.hp.hpl.jena.shared.NoReaderForLangException" message="RDFA">
      <![CDATA[com.hp.hpl.jena.shared.NoReaderForLangException: RDFA
	at com.hp.hpl.jena.rdf.model.impl.RDFReaderFImpl.getReader(RDFReaderFImpl.java:101)
	at com.hp.hpl.jena.rdf.model.impl.ModelCom.read(ModelCom.java:261)
	at org.semarglproject.jena.JenaRdfaXPathReaderTest$1.run(JenaRdfaXPathReaderTest.java:45)
	at org.semarglproject.rdf.rdfa.RdfaTestBundle.runTestBundle(RdfaTestBundle.java:196)
	at org.semarglproject.jena.JenaRdfaXPathReaderTest.Rdfa11XmlTestsJena(JenaRdfaXPathReaderTest.java:151)
	at sun.reflect.NativeMethodAccessorImpl.invoke0(Native Method)
	at sun.reflect.NativeMethodAccessorImpl.invoke(Unknown Source)
	at sun.reflect.DelegatingMethodAccessorImpl.invoke(Unknown Source)
	at java.lang.reflect.Method.invoke(Unknown Source)
	at org.testng.internal.MethodInvocationHelper.invokeMethod(MethodInvocationHelper.java:80)
	at org.testng.internal.Invoker.invokeMethod(Invoker.java:714)
	at org.testng.internal.Invoker.invokeTestMethod(Invoker.java:901)
	at org.testng.internal.Invoker.invokeTestMethods(Invoker.java:1231)
	at org.testng.internal.TestMethodWorker.invokeTestMethods(TestMethodWorker.java:128)
	at org.testng.internal.TestMethodWorker.run(TestMethodWorker.java:111)
	at org.testng.TestRunner.privateRun(TestRunner.java:767)
	at org.testng.TestRunner.run(TestRunner.java:617)
	at org.testng.SuiteRunner.runTest(SuiteRunner.java:334)
	at org.testng.SuiteRunner.runSequentially(SuiteRunner.java:329)
	at org.testng.SuiteRunner.privateRun(SuiteRunner.java:291)
	at org.testng.SuiteRunner.run(SuiteRunner.java:240)
	at org.testng.SuiteRunnerWorker.runSuite(SuiteRunnerWorker.java:52)
	at org.testng.SuiteRunnerWorker.run(SuiteRunnerWorker.java:86)
	at org.testng.TestNG.runSuitesSequentially(TestNG.java:1203)
	at org.testng.TestNG.runSuitesLocally(TestNG.java:1128)
	at org.testng.TestNG.run(TestNG.java:1036)
	at org.testng.remote.RemoteTestNG.run(RemoteTestNG.java:111)
	at org.testng.remote.RemoteTestNG.initAndRun(RemoteTestNG.java:204)
	at org.testng.remote.RemoteTestNG.main(RemoteTestNG.java:175)
]]>
    </failure>
  </testcase> <!-- Rdfa11XmlTestsJena -->
  <testcase name="Rdfa11XmlTestsJena" time="0.000" classname="org.semarglproject.jena.JenaRdfaXPathReaderTest">
    <failure type="com.hp.hpl.jena.shared.NoReaderForLangException" message="RDFA">
      <![CDATA[com.hp.hpl.jena.shared.NoReaderForLangException: RDFA
	at com.hp.hpl.jena.rdf.model.impl.RDFReaderFImpl.getReader(RDFReaderFImpl.java:101)
	at com.hp.hpl.jena.rdf.model.impl.ModelCom.read(ModelCom.java:261)
	at org.semarglproject.jena.JenaRdfaXPathReaderTest$1.run(JenaRdfaXPathReaderTest.java:45)
	at org.semarglproject.rdf.rdfa.RdfaTestBundle.runTestBundle(RdfaTestBundle.java:196)
	at org.semarglproject.jena.JenaRdfaXPathReaderTest.Rdfa11XmlTestsJena(JenaRdfaXPathReaderTest.java:151)
	at sun.reflect.GeneratedMethodAccessor3.invoke(Unknown Source)
	at sun.reflect.DelegatingMethodAccessorImpl.invoke(Unknown Source)
	at java.lang.reflect.Method.invoke(Unknown Source)
	at org.testng.internal.MethodInvocationHelper.invokeMethod(MethodInvocationHelper.java:80)
	at org.testng.internal.Invoker.invokeMethod(Invoker.java:714)
	at org.testng.internal.Invoker.invokeTestMethod(Invoker.java:901)
	at org.testng.internal.Invoker.invokeTestMethods(Invoker.java:1231)
	at org.testng.internal.TestMethodWorker.invokeTestMethods(TestMethodWorker.java:128)
	at org.testng.internal.TestMethodWorker.run(TestMethodWorker.java:111)
	at org.testng.TestRunner.privateRun(TestRunner.java:767)
	at org.testng.TestRunner.run(TestRunner.java:617)
	at org.testng.SuiteRunner.runTest(SuiteRunner.java:334)
	at org.testng.SuiteRunner.runSequentially(SuiteRunner.java:329)
	at org.testng.SuiteRunner.privateRun(SuiteRunner.java:291)
	at org.testng.SuiteRunner.run(SuiteRunner.java:240)
	at org.testng.SuiteRunnerWorker.runSuite(SuiteRunnerWorker.java:52)
	at org.testng.SuiteRunnerWorker.run(SuiteRunnerWorker.java:86)
	at org.testng.TestNG.runSuitesSequentially(TestNG.java:1203)
	at org.testng.TestNG.runSuitesLocally(TestNG.java:1128)
	at org.testng.TestNG.run(TestNG.java:1036)
	at org.testng.remote.RemoteTestNG.run(RemoteTestNG.java:111)
	at org.testng.remote.RemoteTestNG.initAndRun(RemoteTestNG.java:204)
	at org.testng.remote.RemoteTestNG.main(RemoteTestNG.java:175)
]]>
    </failure>
  </testcase> <!-- Rdfa11XmlTestsJena -->
  <testcase name="Rdfa11XmlTestsJena" time="0.000" classname="org.semarglproject.jena.JenaRdfaXPathReaderTest">
    <failure type="com.hp.hpl.jena.shared.NoReaderForLangException" message="RDFA">
      <![CDATA[com.hp.hpl.jena.shared.NoReaderForLangException: RDFA
	at com.hp.hpl.jena.rdf.model.impl.RDFReaderFImpl.getReader(RDFReaderFImpl.java:101)
	at com.hp.hpl.jena.rdf.model.impl.ModelCom.read(ModelCom.java:261)
	at org.semarglproject.jena.JenaRdfaXPathReaderTest$1.run(JenaRdfaXPathReaderTest.java:45)
	at org.semarglproject.rdf.rdfa.RdfaTestBundle.runTestBundle(RdfaTestBundle.java:196)
	at org.semarglproject.jena.JenaRdfaXPathReaderTest.Rdfa11XmlTestsJena(JenaRdfaXPathReaderTest.java:151)
	at sun.reflect.NativeMethodAccessorImpl.invoke0(Native Method)
	at sun.reflect.NativeMethodAccessorImpl.invoke(Unknown Source)
	at sun.reflect.DelegatingMethodAccessorImpl.invoke(Unknown Source)
	at java.lang.reflect.Method.invoke(Unknown Source)
	at org.testng.internal.MethodInvocationHelper.invokeMethod(MethodInvocationHelper.java:80)
	at org.testng.internal.Invoker.invokeMethod(Invoker.java:714)
	at org.testng.internal.Invoker.invokeTestMethod(Invoker.java:901)
	at org.testng.internal.Invoker.invokeTestMethods(Invoker.java:1231)
	at org.testng.internal.TestMethodWorker.invokeTestMethods(TestMethodWorker.java:128)
	at org.testng.internal.TestMethodWorker.run(TestMethodWorker.java:111)
	at org.testng.TestRunner.privateRun(TestRunner.java:767)
	at org.testng.TestRunner.run(TestRunner.java:617)
	at org.testng.SuiteRunner.runTest(SuiteRunner.java:334)
	at org.testng.SuiteRunner.runSequentially(SuiteRunner.java:329)
	at org.testng.SuiteRunner.privateRun(SuiteRunner.java:291)
	at org.testng.SuiteRunner.run(SuiteRunner.java:240)
	at org.testng.SuiteRunnerWorker.runSuite(SuiteRunnerWorker.java:52)
	at org.testng.SuiteRunnerWorker.run(SuiteRunnerWorker.java:86)
	at org.testng.TestNG.runSuitesSequentially(TestNG.java:1203)
	at org.testng.TestNG.runSuitesLocally(TestNG.java:1128)
	at org.testng.TestNG.run(TestNG.java:1036)
	at org.testng.remote.RemoteTestNG.run(RemoteTestNG.java:111)
	at org.testng.remote.RemoteTestNG.initAndRun(RemoteTestNG.java:204)
	at org.testng.remote.RemoteTestNG.main(RemoteTestNG.java:175)
]]>
    </failure>
  </testcase> <!-- Rdfa11XmlTestsJena -->
  <testcase name="Rdfa11Html5TestsJena" time="0.000" classname="org.semarglproject.jena.JenaRdfaXPathReaderTest">
    <failure type="com.hp.hpl.jena.shared.NoReaderForLangException" message="RDFA">
      <![CDATA[com.hp.hpl.jena.shared.NoReaderForLangException: RDFA
	at com.hp.hpl.jena.rdf.model.impl.RDFReaderFImpl.getReader(RDFReaderFImpl.java:101)
	at com.hp.hpl.jena.rdf.model.impl.ModelCom.read(ModelCom.java:261)
	at org.semarglproject.jena.JenaRdfaXPathReaderTest$1.run(JenaRdfaXPathReaderTest.java:45)
	at org.semarglproject.rdf.rdfa.RdfaTestBundle.runTestBundle(RdfaTestBundle.java:196)
	at org.semarglproject.jena.JenaRdfaXPathReaderTest.Rdfa11Html5TestsJena(JenaRdfaXPathReaderTest.java:142)
	at sun.reflect.GeneratedMethodAccessor2.invoke(Unknown Source)
	at sun.reflect.DelegatingMethodAccessorImpl.invoke(Unknown Source)
	at java.lang.reflect.Method.invoke(Unknown Source)
	at org.testng.internal.MethodInvocationHelper.invokeMethod(MethodInvocationHelper.java:80)
	at org.testng.internal.Invoker.invokeMethod(Invoker.java:714)
	at org.testng.internal.Invoker.invokeTestMethod(Invoker.java:901)
	at org.testng.internal.Invoker.invokeTestMethods(Invoker.java:1231)
	at org.testng.internal.TestMethodWorker.invokeTestMethods(TestMethodWorker.java:128)
	at org.testng.internal.TestMethodWorker.run(TestMethodWorker.java:111)
	at org.testng.TestRunner.privateRun(TestRunner.java:767)
	at org.testng.TestRunner.run(TestRunner.java:617)
	at org.testng.SuiteRunner.runTest(SuiteRunner.java:334)
	at org.testng.SuiteRunner.runSequentially(SuiteRunner.java:329)
	at org.testng.SuiteRunner.privateRun(SuiteRunner.java:291)
	at org.testng.SuiteRunner.run(SuiteRunner.java:240)
	at org.testng.SuiteRunnerWorker.runSuite(SuiteRunnerWorker.java:52)
	at org.testng.SuiteRunnerWorker.run(SuiteRunnerWorker.java:86)
	at org.testng.TestNG.runSuitesSequentially(TestNG.java:1203)
	at org.testng.TestNG.runSuitesLocally(TestNG.java:1128)
	at org.testng.TestNG.run(TestNG.java:1036)
	at org.testng.remote.RemoteTestNG.run(RemoteTestNG.java:111)
	at org.testng.remote.RemoteTestNG.initAndRun(RemoteTestNG.java:204)
	at org.testng.remote.RemoteTestNG.main(RemoteTestNG.java:175)
]]>
    </failure>
  </testcase> <!-- Rdfa11Html5TestsJena -->
  <testcase name="Rdfa11XmlTestsJena" time="0.000" classname="org.semarglproject.jena.JenaRdfaXPathReaderTest">
    <failure type="com.hp.hpl.jena.shared.NoReaderForLangException" message="RDFA">
      <![CDATA[com.hp.hpl.jena.shared.NoReaderForLangException: RDFA
	at com.hp.hpl.jena.rdf.model.impl.RDFReaderFImpl.getReader(RDFReaderFImpl.java:101)
	at com.hp.hpl.jena.rdf.model.impl.ModelCom.read(ModelCom.java:261)
	at org.semarglproject.jena.JenaRdfaXPathReaderTest$1.run(JenaRdfaXPathReaderTest.java:45)
	at org.semarglproject.rdf.rdfa.RdfaTestBundle.runTestBundle(RdfaTestBundle.java:196)
	at org.semarglproject.jena.JenaRdfaXPathReaderTest.Rdfa11XmlTestsJena(JenaRdfaXPathReaderTest.java:151)
	at sun.reflect.GeneratedMethodAccessor3.invoke(Unknown Source)
	at sun.reflect.DelegatingMethodAccessorImpl.invoke(Unknown Source)
	at java.lang.reflect.Method.invoke(Unknown Source)
	at org.testng.internal.MethodInvocationHelper.invokeMethod(MethodInvocationHelper.java:80)
	at org.testng.internal.Invoker.invokeMethod(Invoker.java:714)
	at org.testng.internal.Invoker.invokeTestMethod(Invoker.java:901)
	at org.testng.internal.Invoker.invokeTestMethods(Invoker.java:1231)
	at org.testng.internal.TestMethodWorker.invokeTestMethods(TestMethodWorker.java:128)
	at org.testng.internal.TestMethodWorker.run(TestMethodWorker.java:111)
	at org.testng.TestRunner.privateRun(TestRunner.java:767)
	at org.testng.TestRunner.run(TestRunner.java:617)
	at org.testng.SuiteRunner.runTest(SuiteRunner.java:334)
	at org.testng.SuiteRunner.runSequentially(SuiteRunner.java:329)
	at org.testng.SuiteRunner.privateRun(SuiteRunner.java:291)
	at org.testng.SuiteRunner.run(SuiteRunner.java:240)
	at org.testng.SuiteRunnerWorker.runSuite(SuiteRunnerWorker.java:52)
	at org.testng.SuiteRunnerWorker.run(SuiteRunnerWorker.java:86)
	at org.testng.TestNG.runSuitesSequentially(TestNG.java:1203)
	at org.testng.TestNG.runSuitesLocally(TestNG.java:1128)
	at org.testng.TestNG.run(TestNG.java:1036)
	at org.testng.remote.RemoteTestNG.run(RemoteTestNG.java:111)
	at org.testng.remote.RemoteTestNG.initAndRun(RemoteTestNG.java:204)
	at org.testng.remote.RemoteTestNG.main(RemoteTestNG.java:175)
]]>
    </failure>
  </testcase> <!-- Rdfa11XmlTestsJena -->
  <testcase name="Rdfa11Html5TestsJena" time="0.000" classname="org.semarglproject.jena.JenaRdfaXPathReaderTest">
    <failure type="com.hp.hpl.jena.shared.NoReaderForLangException" message="RDFA">
      <![CDATA[com.hp.hpl.jena.shared.NoReaderForLangException: RDFA
	at com.hp.hpl.jena.rdf.model.impl.RDFReaderFImpl.getReader(RDFReaderFImpl.java:101)
	at com.hp.hpl.jena.rdf.model.impl.ModelCom.read(ModelCom.java:261)
	at org.semarglproject.jena.JenaRdfaXPathReaderTest$1.run(JenaRdfaXPathReaderTest.java:45)
	at org.semarglproject.rdf.rdfa.RdfaTestBundle.runTestBundle(RdfaTestBundle.java:196)
	at org.semarglproject.jena.JenaRdfaXPathReaderTest.Rdfa11Html5TestsJena(JenaRdfaXPathReaderTest.java:142)
	at sun.reflect.GeneratedMethodAccessor2.invoke(Unknown Source)
	at sun.reflect.DelegatingMethodAccessorImpl.invoke(Unknown Source)
	at java.lang.reflect.Method.invoke(Unknown Source)
	at org.testng.internal.MethodInvocationHelper.invokeMethod(MethodInvocationHelper.java:80)
	at org.testng.internal.Invoker.invokeMethod(Invoker.java:714)
	at org.testng.internal.Invoker.invokeTestMethod(Invoker.java:901)
	at org.testng.internal.Invoker.invokeTestMethods(Invoker.java:1231)
	at org.testng.internal.TestMethodWorker.invokeTestMethods(TestMethodWorker.java:128)
	at org.testng.internal.TestMethodWorker.run(TestMethodWorker.java:111)
	at org.testng.TestRunner.privateRun(TestRunner.java:767)
	at org.testng.TestRunner.run(TestRunner.java:617)
	at org.testng.SuiteRunner.runTest(SuiteRunner.java:334)
	at org.testng.SuiteRunner.runSequentially(SuiteRunner.java:329)
	at org.testng.SuiteRunner.privateRun(SuiteRunner.java:291)
	at org.testng.SuiteRunner.run(SuiteRunner.java:240)
	at org.testng.SuiteRunnerWorker.runSuite(SuiteRunnerWorker.java:52)
	at org.testng.SuiteRunnerWorker.run(SuiteRunnerWorker.java:86)
	at org.testng.TestNG.runSuitesSequentially(TestNG.java:1203)
	at org.testng.TestNG.runSuitesLocally(TestNG.java:1128)
	at org.testng.TestNG.run(TestNG.java:1036)
	at org.testng.remote.RemoteTestNG.run(RemoteTestNG.java:111)
	at org.testng.remote.RemoteTestNG.initAndRun(RemoteTestNG.java:204)
	at org.testng.remote.RemoteTestNG.main(RemoteTestNG.java:175)
]]>
    </failure>
  </testcase> <!-- Rdfa11Html5TestsJena -->
  <testcase name="Rdfa11XmlTestsJena" time="0.000" classname="org.semarglproject.jena.JenaRdfaXPathReaderTest">
    <failure type="com.hp.hpl.jena.shared.NoReaderForLangException" message="RDFA">
      <![CDATA[com.hp.hpl.jena.shared.NoReaderForLangException: RDFA
	at com.hp.hpl.jena.rdf.model.impl.RDFReaderFImpl.getReader(RDFReaderFImpl.java:101)
	at com.hp.hpl.jena.rdf.model.impl.ModelCom.read(ModelCom.java:261)
	at org.semarglproject.jena.JenaRdfaXPathReaderTest$1.run(JenaRdfaXPathReaderTest.java:45)
	at org.semarglproject.rdf.rdfa.RdfaTestBundle.runTestBundle(RdfaTestBundle.java:196)
	at org.semarglproject.jena.JenaRdfaXPathReaderTest.Rdfa11XmlTestsJena(JenaRdfaXPathReaderTest.java:151)
	at sun.reflect.GeneratedMethodAccessor3.invoke(Unknown Source)
	at sun.reflect.DelegatingMethodAccessorImpl.invoke(Unknown Source)
	at java.lang.reflect.Method.invoke(Unknown Source)
	at org.testng.internal.MethodInvocationHelper.invokeMethod(MethodInvocationHelper.java:80)
	at org.testng.internal.Invoker.invokeMethod(Invoker.java:714)
	at org.testng.internal.Invoker.invokeTestMethod(Invoker.java:901)
	at org.testng.internal.Invoker.invokeTestMethods(Invoker.java:1231)
	at org.testng.internal.TestMethodWorker.invokeTestMethods(TestMethodWorker.java:128)
	at org.testng.internal.TestMethodWorker.run(TestMethodWorker.java:111)
	at org.testng.TestRunner.privateRun(TestRunner.java:767)
	at org.testng.TestRunner.run(TestRunner.java:617)
	at org.testng.SuiteRunner.runTest(SuiteRunner.java:334)
	at org.testng.SuiteRunner.runSequentially(SuiteRunner.java:329)
	at org.testng.SuiteRunner.privateRun(SuiteRunner.java:291)
	at org.testng.SuiteRunner.run(SuiteRunner.java:240)
	at org.testng.SuiteRunnerWorker.runSuite(SuiteRunnerWorker.java:52)
	at org.testng.SuiteRunnerWorker.run(SuiteRunnerWorker.java:86)
	at org.testng.TestNG.runSuitesSequentially(TestNG.java:1203)
	at org.testng.TestNG.runSuitesLocally(TestNG.java:1128)
	at org.testng.TestNG.run(TestNG.java:1036)
	at org.testng.remote.RemoteTestNG.run(RemoteTestNG.java:111)
	at org.testng.remote.RemoteTestNG.initAndRun(RemoteTestNG.java:204)
	at org.testng.remote.RemoteTestNG.main(RemoteTestNG.java:175)
]]>
    </failure>
  </testcase> <!-- Rdfa11XmlTestsJena -->
  <testcase name="Rdfa11XmlTestsJena" time="0.000" classname="org.semarglproject.jena.JenaRdfaXPathReaderTest">
    <failure type="com.hp.hpl.jena.shared.NoReaderForLangException" message="RDFA">
      <![CDATA[com.hp.hpl.jena.shared.NoReaderForLangException: RDFA
	at com.hp.hpl.jena.rdf.model.impl.RDFReaderFImpl.getReader(RDFReaderFImpl.java:101)
	at com.hp.hpl.jena.rdf.model.impl.ModelCom.read(ModelCom.java:261)
	at org.semarglproject.jena.JenaRdfaXPathReaderTest$1.run(JenaRdfaXPathReaderTest.java:45)
	at org.semarglproject.rdf.rdfa.RdfaTestBundle.runTestBundle(RdfaTestBundle.java:196)
	at org.semarglproject.jena.JenaRdfaXPathReaderTest.Rdfa11XmlTestsJena(JenaRdfaXPathReaderTest.java:151)
	at sun.reflect.GeneratedMethodAccessor3.invoke(Unknown Source)
	at sun.reflect.DelegatingMethodAccessorImpl.invoke(Unknown Source)
	at java.lang.reflect.Method.invoke(Unknown Source)
	at org.testng.internal.MethodInvocationHelper.invokeMethod(MethodInvocationHelper.java:80)
	at org.testng.internal.Invoker.invokeMethod(Invoker.java:714)
	at org.testng.internal.Invoker.invokeTestMethod(Invoker.java:901)
	at org.testng.internal.Invoker.invokeTestMethods(Invoker.java:1231)
	at org.testng.internal.TestMethodWorker.invokeTestMethods(TestMethodWorker.java:128)
	at org.testng.internal.TestMethodWorker.run(TestMethodWorker.java:111)
	at org.testng.TestRunner.privateRun(TestRunner.java:767)
	at org.testng.TestRunner.run(TestRunner.java:617)
	at org.testng.SuiteRunner.runTest(SuiteRunner.java:334)
	at org.testng.SuiteRunner.runSequentially(SuiteRunner.java:329)
	at org.testng.SuiteRunner.privateRun(SuiteRunner.java:291)
	at org.testng.SuiteRunner.run(SuiteRunner.java:240)
	at org.testng.SuiteRunnerWorker.runSuite(SuiteRunnerWorker.java:52)
	at org.testng.SuiteRunnerWorker.run(SuiteRunnerWorker.java:86)
	at org.testng.TestNG.runSuitesSequentially(TestNG.java:1203)
	at org.testng.TestNG.runSuitesLocally(TestNG.java:1128)
	at org.testng.TestNG.run(TestNG.java:1036)
	at org.testng.remote.RemoteTestNG.run(RemoteTestNG.java:111)
	at org.testng.remote.RemoteTestNG.initAndRun(RemoteTestNG.java:204)
	at org.testng.remote.RemoteTestNG.main(RemoteTestNG.java:175)
]]>
    </failure>
  </testcase> <!-- Rdfa11XmlTestsJena -->
  <testcase name="Rdfa11Html5TestsJena" time="0.000" classname="org.semarglproject.jena.JenaRdfaXPathReaderTest">
    <failure type="com.hp.hpl.jena.shared.NoReaderForLangException" message="RDFA">
      <![CDATA[com.hp.hpl.jena.shared.NoReaderForLangException: RDFA
	at com.hp.hpl.jena.rdf.model.impl.RDFReaderFImpl.getReader(RDFReaderFImpl.java:101)
	at com.hp.hpl.jena.rdf.model.impl.ModelCom.read(ModelCom.java:261)
	at org.semarglproject.jena.JenaRdfaXPathReaderTest$1.run(JenaRdfaXPathReaderTest.java:45)
	at org.semarglproject.rdf.rdfa.RdfaTestBundle.runTestBundle(RdfaTestBundle.java:196)
	at org.semarglproject.jena.JenaRdfaXPathReaderTest.Rdfa11Html5TestsJena(JenaRdfaXPathReaderTest.java:142)
	at sun.reflect.GeneratedMethodAccessor2.invoke(Unknown Source)
	at sun.reflect.DelegatingMethodAccessorImpl.invoke(Unknown Source)
	at java.lang.reflect.Method.invoke(Unknown Source)
	at org.testng.internal.MethodInvocationHelper.invokeMethod(MethodInvocationHelper.java:80)
	at org.testng.internal.Invoker.invokeMethod(Invoker.java:714)
	at org.testng.internal.Invoker.invokeTestMethod(Invoker.java:901)
	at org.testng.internal.Invoker.invokeTestMethods(Invoker.java:1231)
	at org.testng.internal.TestMethodWorker.invokeTestMethods(TestMethodWorker.java:128)
	at org.testng.internal.TestMethodWorker.run(TestMethodWorker.java:111)
	at org.testng.TestRunner.privateRun(TestRunner.java:767)
	at org.testng.TestRunner.run(TestRunner.java:617)
	at org.testng.SuiteRunner.runTest(SuiteRunner.java:334)
	at org.testng.SuiteRunner.runSequentially(SuiteRunner.java:329)
	at org.testng.SuiteRunner.privateRun(SuiteRunner.java:291)
	at org.testng.SuiteRunner.run(SuiteRunner.java:240)
	at org.testng.SuiteRunnerWorker.runSuite(SuiteRunnerWorker.java:52)
	at org.testng.SuiteRunnerWorker.run(SuiteRunnerWorker.java:86)
	at org.testng.TestNG.runSuitesSequentially(TestNG.java:1203)
	at org.testng.TestNG.runSuitesLocally(TestNG.java:1128)
	at org.testng.TestNG.run(TestNG.java:1036)
	at org.testng.remote.RemoteTestNG.run(RemoteTestNG.java:111)
	at org.testng.remote.RemoteTestNG.initAndRun(RemoteTestNG.java:204)
	at org.testng.remote.RemoteTestNG.main(RemoteTestNG.java:175)
]]>
    </failure>
  </testcase> <!-- Rdfa11Html5TestsJena -->
  <testcase name="Rdfa11Html5TestsJena" time="0.000" classname="org.semarglproject.jena.JenaRdfaXPathReaderTest">
    <failure type="com.hp.hpl.jena.shared.NoReaderForLangException" message="RDFA">
      <![CDATA[com.hp.hpl.jena.shared.NoReaderForLangException: RDFA
	at com.hp.hpl.jena.rdf.model.impl.RDFReaderFImpl.getReader(RDFReaderFImpl.java:101)
	at com.hp.hpl.jena.rdf.model.impl.ModelCom.read(ModelCom.java:261)
	at org.semarglproject.jena.JenaRdfaXPathReaderTest$1.run(JenaRdfaXPathReaderTest.java:45)
	at org.semarglproject.rdf.rdfa.RdfaTestBundle.runTestBundle(RdfaTestBundle.java:196)
	at org.semarglproject.jena.JenaRdfaXPathReaderTest.Rdfa11Html5TestsJena(JenaRdfaXPathReaderTest.java:142)
	at sun.reflect.GeneratedMethodAccessor2.invoke(Unknown Source)
	at sun.reflect.DelegatingMethodAccessorImpl.invoke(Unknown Source)
	at java.lang.reflect.Method.invoke(Unknown Source)
	at org.testng.internal.MethodInvocationHelper.invokeMethod(MethodInvocationHelper.java:80)
	at org.testng.internal.Invoker.invokeMethod(Invoker.java:714)
	at org.testng.internal.Invoker.invokeTestMethod(Invoker.java:901)
	at org.testng.internal.Invoker.invokeTestMethods(Invoker.java:1231)
	at org.testng.internal.TestMethodWorker.invokeTestMethods(TestMethodWorker.java:128)
	at org.testng.internal.TestMethodWorker.run(TestMethodWorker.java:111)
	at org.testng.TestRunner.privateRun(TestRunner.java:767)
	at org.testng.TestRunner.run(TestRunner.java:617)
	at org.testng.SuiteRunner.runTest(SuiteRunner.java:334)
	at org.testng.SuiteRunner.runSequentially(SuiteRunner.java:329)
	at org.testng.SuiteRunner.privateRun(SuiteRunner.java:291)
	at org.testng.SuiteRunner.run(SuiteRunner.java:240)
	at org.testng.SuiteRunnerWorker.runSuite(SuiteRunnerWorker.java:52)
	at org.testng.SuiteRunnerWorker.run(SuiteRunnerWorker.java:86)
	at org.testng.TestNG.runSuitesSequentially(TestNG.java:1203)
	at org.testng.TestNG.runSuitesLocally(TestNG.java:1128)
	at org.testng.TestNG.run(TestNG.java:1036)
	at org.testng.remote.RemoteTestNG.run(RemoteTestNG.java:111)
	at org.testng.remote.RemoteTestNG.initAndRun(RemoteTestNG.java:204)
	at org.testng.remote.RemoteTestNG.main(RemoteTestNG.java:175)
]]>
    </failure>
  </testcase> <!-- Rdfa11Html5TestsJena -->
  <testcase name="Rdfa11XmlTestsJena" time="0.000" classname="org.semarglproject.jena.JenaRdfaXPathReaderTest">
    <failure type="com.hp.hpl.jena.shared.NoReaderForLangException" message="RDFA">
      <![CDATA[com.hp.hpl.jena.shared.NoReaderForLangException: RDFA
	at com.hp.hpl.jena.rdf.model.impl.RDFReaderFImpl.getReader(RDFReaderFImpl.java:101)
	at com.hp.hpl.jena.rdf.model.impl.ModelCom.read(ModelCom.java:261)
	at org.semarglproject.jena.JenaRdfaXPathReaderTest$1.run(JenaRdfaXPathReaderTest.java:45)
	at org.semarglproject.rdf.rdfa.RdfaTestBundle.runTestBundle(RdfaTestBundle.java:196)
	at org.semarglproject.jena.JenaRdfaXPathReaderTest.Rdfa11XmlTestsJena(JenaRdfaXPathReaderTest.java:151)
	at sun.reflect.GeneratedMethodAccessor3.invoke(Unknown Source)
	at sun.reflect.DelegatingMethodAccessorImpl.invoke(Unknown Source)
	at java.lang.reflect.Method.invoke(Unknown Source)
	at org.testng.internal.MethodInvocationHelper.invokeMethod(MethodInvocationHelper.java:80)
	at org.testng.internal.Invoker.invokeMethod(Invoker.java:714)
	at org.testng.internal.Invoker.invokeTestMethod(Invoker.java:901)
	at org.testng.internal.Invoker.invokeTestMethods(Invoker.java:1231)
	at org.testng.internal.TestMethodWorker.invokeTestMethods(TestMethodWorker.java:128)
	at org.testng.internal.TestMethodWorker.run(TestMethodWorker.java:111)
	at org.testng.TestRunner.privateRun(TestRunner.java:767)
	at org.testng.TestRunner.run(TestRunner.java:617)
	at org.testng.SuiteRunner.runTest(SuiteRunner.java:334)
	at org.testng.SuiteRunner.runSequentially(SuiteRunner.java:329)
	at org.testng.SuiteRunner.privateRun(SuiteRunner.java:291)
	at org.testng.SuiteRunner.run(SuiteRunner.java:240)
	at org.testng.SuiteRunnerWorker.runSuite(SuiteRunnerWorker.java:52)
	at org.testng.SuiteRunnerWorker.run(SuiteRunnerWorker.java:86)
	at org.testng.TestNG.runSuitesSequentially(TestNG.java:1203)
	at org.testng.TestNG.runSuitesLocally(TestNG.java:1128)
	at org.testng.TestNG.run(TestNG.java:1036)
	at org.testng.remote.RemoteTestNG.run(RemoteTestNG.java:111)
	at org.testng.remote.RemoteTestNG.initAndRun(RemoteTestNG.java:204)
	at org.testng.remote.RemoteTestNG.main(RemoteTestNG.java:175)
]]>
    </failure>
  </testcase> <!-- Rdfa11XmlTestsJena -->
  <testcase name="Rdfa11Html5TestsJena" time="0.000" classname="org.semarglproject.jena.JenaRdfaXPathReaderTest">
    <failure type="com.hp.hpl.jena.shared.NoReaderForLangException" message="RDFA">
      <![CDATA[com.hp.hpl.jena.shared.NoReaderForLangException: RDFA
	at com.hp.hpl.jena.rdf.model.impl.RDFReaderFImpl.getReader(RDFReaderFImpl.java:101)
	at com.hp.hpl.jena.rdf.model.impl.ModelCom.read(ModelCom.java:261)
	at org.semarglproject.jena.JenaRdfaXPathReaderTest$1.run(JenaRdfaXPathReaderTest.java:45)
	at org.semarglproject.rdf.rdfa.RdfaTestBundle.runTestBundle(RdfaTestBundle.java:196)
	at org.semarglproject.jena.JenaRdfaXPathReaderTest.Rdfa11Html5TestsJena(JenaRdfaXPathReaderTest.java:142)
	at sun.reflect.GeneratedMethodAccessor2.invoke(Unknown Source)
	at sun.reflect.DelegatingMethodAccessorImpl.invoke(Unknown Source)
	at java.lang.reflect.Method.invoke(Unknown Source)
	at org.testng.internal.MethodInvocationHelper.invokeMethod(MethodInvocationHelper.java:80)
	at org.testng.internal.Invoker.invokeMethod(Invoker.java:714)
	at org.testng.internal.Invoker.invokeTestMethod(Invoker.java:901)
	at org.testng.internal.Invoker.invokeTestMethods(Invoker.java:1231)
	at org.testng.internal.TestMethodWorker.invokeTestMethods(TestMethodWorker.java:128)
	at org.testng.internal.TestMethodWorker.run(TestMethodWorker.java:111)
	at org.testng.TestRunner.privateRun(TestRunner.java:767)
	at org.testng.TestRunner.run(TestRunner.java:617)
	at org.testng.SuiteRunner.runTest(SuiteRunner.java:334)
	at org.testng.SuiteRunner.runSequentially(SuiteRunner.java:329)
	at org.testng.SuiteRunner.privateRun(SuiteRunner.java:291)
	at org.testng.SuiteRunner.run(SuiteRunner.java:240)
	at org.testng.SuiteRunnerWorker.runSuite(SuiteRunnerWorker.java:52)
	at org.testng.SuiteRunnerWorker.run(SuiteRunnerWorker.java:86)
	at org.testng.TestNG.runSuitesSequentially(TestNG.java:1203)
	at org.testng.TestNG.runSuitesLocally(TestNG.java:1128)
	at org.testng.TestNG.run(TestNG.java:1036)
	at org.testng.remote.RemoteTestNG.run(RemoteTestNG.java:111)
	at org.testng.remote.RemoteTestNG.initAndRun(RemoteTestNG.java:204)
	at org.testng.remote.RemoteTestNG.main(RemoteTestNG.java:175)
]]>
    </failure>
  </testcase> <!-- Rdfa11Html5TestsJena -->
  <testcase name="Rdfa11XmlTestsJena" time="0.016" classname="org.semarglproject.jena.JenaRdfaXPathReaderTest">
    <failure type="com.hp.hpl.jena.shared.NoReaderForLangException" message="RDFA">
      <![CDATA[com.hp.hpl.jena.shared.NoReaderForLangException: RDFA
	at com.hp.hpl.jena.rdf.model.impl.RDFReaderFImpl.getReader(RDFReaderFImpl.java:101)
	at com.hp.hpl.jena.rdf.model.impl.ModelCom.read(ModelCom.java:261)
	at org.semarglproject.jena.JenaRdfaXPathReaderTest$1.run(JenaRdfaXPathReaderTest.java:45)
	at org.semarglproject.rdf.rdfa.RdfaTestBundle.runTestBundle(RdfaTestBundle.java:196)
	at org.semarglproject.jena.JenaRdfaXPathReaderTest.Rdfa11XmlTestsJena(JenaRdfaXPathReaderTest.java:151)
	at sun.reflect.GeneratedMethodAccessor3.invoke(Unknown Source)
	at sun.reflect.DelegatingMethodAccessorImpl.invoke(Unknown Source)
	at java.lang.reflect.Method.invoke(Unknown Source)
	at org.testng.internal.MethodInvocationHelper.invokeMethod(MethodInvocationHelper.java:80)
	at org.testng.internal.Invoker.invokeMethod(Invoker.java:714)
	at org.testng.internal.Invoker.invokeTestMethod(Invoker.java:901)
	at org.testng.internal.Invoker.invokeTestMethods(Invoker.java:1231)
	at org.testng.internal.TestMethodWorker.invokeTestMethods(TestMethodWorker.java:128)
	at org.testng.internal.TestMethodWorker.run(TestMethodWorker.java:111)
	at org.testng.TestRunner.privateRun(TestRunner.java:767)
	at org.testng.TestRunner.run(TestRunner.java:617)
	at org.testng.SuiteRunner.runTest(SuiteRunner.java:334)
	at org.testng.SuiteRunner.runSequentially(SuiteRunner.java:329)
	at org.testng.SuiteRunner.privateRun(SuiteRunner.java:291)
	at org.testng.SuiteRunner.run(SuiteRunner.java:240)
	at org.testng.SuiteRunnerWorker.runSuite(SuiteRunnerWorker.java:52)
	at org.testng.SuiteRunnerWorker.run(SuiteRunnerWorker.java:86)
	at org.testng.TestNG.runSuitesSequentially(TestNG.java:1203)
	at org.testng.TestNG.runSuitesLocally(TestNG.java:1128)
	at org.testng.TestNG.run(TestNG.java:1036)
	at org.testng.remote.RemoteTestNG.run(RemoteTestNG.java:111)
	at org.testng.remote.RemoteTestNG.initAndRun(RemoteTestNG.java:204)
	at org.testng.remote.RemoteTestNG.main(RemoteTestNG.java:175)
]]>
    </failure>
  </testcase> <!-- Rdfa11XmlTestsJena -->
  <testcase name="Rdfa11Html5TestsJena" time="0.000" classname="org.semarglproject.jena.JenaRdfaXPathReaderTest">
    <failure type="com.hp.hpl.jena.shared.NoReaderForLangException" message="RDFA">
      <![CDATA[com.hp.hpl.jena.shared.NoReaderForLangException: RDFA
	at com.hp.hpl.jena.rdf.model.impl.RDFReaderFImpl.getReader(RDFReaderFImpl.java:101)
	at com.hp.hpl.jena.rdf.model.impl.ModelCom.read(ModelCom.java:261)
	at org.semarglproject.jena.JenaRdfaXPathReaderTest$1.run(JenaRdfaXPathReaderTest.java:45)
	at org.semarglproject.rdf.rdfa.RdfaTestBundle.runTestBundle(RdfaTestBundle.java:196)
	at org.semarglproject.jena.JenaRdfaXPathReaderTest.Rdfa11Html5TestsJena(JenaRdfaXPathReaderTest.java:142)
	at sun.reflect.GeneratedMethodAccessor2.invoke(Unknown Source)
	at sun.reflect.DelegatingMethodAccessorImpl.invoke(Unknown Source)
	at java.lang.reflect.Method.invoke(Unknown Source)
	at org.testng.internal.MethodInvocationHelper.invokeMethod(MethodInvocationHelper.java:80)
	at org.testng.internal.Invoker.invokeMethod(Invoker.java:714)
	at org.testng.internal.Invoker.invokeTestMethod(Invoker.java:901)
	at org.testng.internal.Invoker.invokeTestMethods(Invoker.java:1231)
	at org.testng.internal.TestMethodWorker.invokeTestMethods(TestMethodWorker.java:128)
	at org.testng.internal.TestMethodWorker.run(TestMethodWorker.java:111)
	at org.testng.TestRunner.privateRun(TestRunner.java:767)
	at org.testng.TestRunner.run(TestRunner.java:617)
	at org.testng.SuiteRunner.runTest(SuiteRunner.java:334)
	at org.testng.SuiteRunner.runSequentially(SuiteRunner.java:329)
	at org.testng.SuiteRunner.privateRun(SuiteRunner.java:291)
	at org.testng.SuiteRunner.run(SuiteRunner.java:240)
	at org.testng.SuiteRunnerWorker.runSuite(SuiteRunnerWorker.java:52)
	at org.testng.SuiteRunnerWorker.run(SuiteRunnerWorker.java:86)
	at org.testng.TestNG.runSuitesSequentially(TestNG.java:1203)
	at org.testng.TestNG.runSuitesLocally(TestNG.java:1128)
	at org.testng.TestNG.run(TestNG.java:1036)
	at org.testng.remote.RemoteTestNG.run(RemoteTestNG.java:111)
	at org.testng.remote.RemoteTestNG.initAndRun(RemoteTestNG.java:204)
	at org.testng.remote.RemoteTestNG.main(RemoteTestNG.java:175)
]]>
    </failure>
  </testcase> <!-- Rdfa11Html5TestsJena -->
  <testcase name="Rdfa11XmlTestsJena" time="0.000" classname="org.semarglproject.jena.JenaRdfaXPathReaderTest">
    <failure type="com.hp.hpl.jena.shared.NoReaderForLangException" message="RDFA">
      <![CDATA[com.hp.hpl.jena.shared.NoReaderForLangException: RDFA
	at com.hp.hpl.jena.rdf.model.impl.RDFReaderFImpl.getReader(RDFReaderFImpl.java:101)
	at com.hp.hpl.jena.rdf.model.impl.ModelCom.read(ModelCom.java:261)
	at org.semarglproject.jena.JenaRdfaXPathReaderTest$1.run(JenaRdfaXPathReaderTest.java:45)
	at org.semarglproject.rdf.rdfa.RdfaTestBundle.runTestBundle(RdfaTestBundle.java:196)
	at org.semarglproject.jena.JenaRdfaXPathReaderTest.Rdfa11XmlTestsJena(JenaRdfaXPathReaderTest.java:151)
	at sun.reflect.GeneratedMethodAccessor3.invoke(Unknown Source)
	at sun.reflect.DelegatingMethodAccessorImpl.invoke(Unknown Source)
	at java.lang.reflect.Method.invoke(Unknown Source)
	at org.testng.internal.MethodInvocationHelper.invokeMethod(MethodInvocationHelper.java:80)
	at org.testng.internal.Invoker.invokeMethod(Invoker.java:714)
	at org.testng.internal.Invoker.invokeTestMethod(Invoker.java:901)
	at org.testng.internal.Invoker.invokeTestMethods(Invoker.java:1231)
	at org.testng.internal.TestMethodWorker.invokeTestMethods(TestMethodWorker.java:128)
	at org.testng.internal.TestMethodWorker.run(TestMethodWorker.java:111)
	at org.testng.TestRunner.privateRun(TestRunner.java:767)
	at org.testng.TestRunner.run(TestRunner.java:617)
	at org.testng.SuiteRunner.runTest(SuiteRunner.java:334)
	at org.testng.SuiteRunner.runSequentially(SuiteRunner.java:329)
	at org.testng.SuiteRunner.privateRun(SuiteRunner.java:291)
	at org.testng.SuiteRunner.run(SuiteRunner.java:240)
	at org.testng.SuiteRunnerWorker.runSuite(SuiteRunnerWorker.java:52)
	at org.testng.SuiteRunnerWorker.run(SuiteRunnerWorker.java:86)
	at org.testng.TestNG.runSuitesSequentially(TestNG.java:1203)
	at org.testng.TestNG.runSuitesLocally(TestNG.java:1128)
	at org.testng.TestNG.run(TestNG.java:1036)
	at org.testng.remote.RemoteTestNG.run(RemoteTestNG.java:111)
	at org.testng.remote.RemoteTestNG.initAndRun(RemoteTestNG.java:204)
	at org.testng.remote.RemoteTestNG.main(RemoteTestNG.java:175)
]]>
    </failure>
  </testcase> <!-- Rdfa11XmlTestsJena -->
  <testcase name="Rdfa11XmlTestsJena" time="0.000" classname="org.semarglproject.jena.JenaRdfaXPathReaderTest">
    <failure type="com.hp.hpl.jena.shared.NoReaderForLangException" message="RDFA">
      <![CDATA[com.hp.hpl.jena.shared.NoReaderForLangException: RDFA
	at com.hp.hpl.jena.rdf.model.impl.RDFReaderFImpl.getReader(RDFReaderFImpl.java:101)
	at com.hp.hpl.jena.rdf.model.impl.ModelCom.read(ModelCom.java:261)
	at org.semarglproject.jena.JenaRdfaXPathReaderTest$1.run(JenaRdfaXPathReaderTest.java:45)
	at org.semarglproject.rdf.rdfa.RdfaTestBundle.runTestBundle(RdfaTestBundle.java:196)
	at org.semarglproject.jena.JenaRdfaXPathReaderTest.Rdfa11XmlTestsJena(JenaRdfaXPathReaderTest.java:151)
	at sun.reflect.GeneratedMethodAccessor3.invoke(Unknown Source)
	at sun.reflect.DelegatingMethodAccessorImpl.invoke(Unknown Source)
	at java.lang.reflect.Method.invoke(Unknown Source)
	at org.testng.internal.MethodInvocationHelper.invokeMethod(MethodInvocationHelper.java:80)
	at org.testng.internal.Invoker.invokeMethod(Invoker.java:714)
	at org.testng.internal.Invoker.invokeTestMethod(Invoker.java:901)
	at org.testng.internal.Invoker.invokeTestMethods(Invoker.java:1231)
	at org.testng.internal.TestMethodWorker.invokeTestMethods(TestMethodWorker.java:128)
	at org.testng.internal.TestMethodWorker.run(TestMethodWorker.java:111)
	at org.testng.TestRunner.privateRun(TestRunner.java:767)
	at org.testng.TestRunner.run(TestRunner.java:617)
	at org.testng.SuiteRunner.runTest(SuiteRunner.java:334)
	at org.testng.SuiteRunner.runSequentially(SuiteRunner.java:329)
	at org.testng.SuiteRunner.privateRun(SuiteRunner.java:291)
	at org.testng.SuiteRunner.run(SuiteRunner.java:240)
	at org.testng.SuiteRunnerWorker.runSuite(SuiteRunnerWorker.java:52)
	at org.testng.SuiteRunnerWorker.run(SuiteRunnerWorker.java:86)
	at org.testng.TestNG.runSuitesSequentially(TestNG.java:1203)
	at org.testng.TestNG.runSuitesLocally(TestNG.java:1128)
	at org.testng.TestNG.run(TestNG.java:1036)
	at org.testng.remote.RemoteTestNG.run(RemoteTestNG.java:111)
	at org.testng.remote.RemoteTestNG.initAndRun(RemoteTestNG.java:204)
	at org.testng.remote.RemoteTestNG.main(RemoteTestNG.java:175)
]]>
    </failure>
  </testcase> <!-- Rdfa11XmlTestsJena -->
  <testcase name="Rdfa11XmlTestsJena" time="0.000" classname="org.semarglproject.jena.JenaRdfaXPathReaderTest"/>
  <testcase name="Rdfa11Html5TestsJena" time="0.000" classname="org.semarglproject.jena.JenaRdfaXPathReaderTest">
    <failure type="com.hp.hpl.jena.shared.NoReaderForLangException" message="RDFA">
      <![CDATA[com.hp.hpl.jena.shared.NoReaderForLangException: RDFA
	at com.hp.hpl.jena.rdf.model.impl.RDFReaderFImpl.getReader(RDFReaderFImpl.java:101)
	at com.hp.hpl.jena.rdf.model.impl.ModelCom.read(ModelCom.java:261)
	at org.semarglproject.jena.JenaRdfaXPathReaderTest$1.run(JenaRdfaXPathReaderTest.java:45)
	at org.semarglproject.rdf.rdfa.RdfaTestBundle.runTestBundle(RdfaTestBundle.java:196)
	at org.semarglproject.jena.JenaRdfaXPathReaderTest.Rdfa11Html5TestsJena(JenaRdfaXPathReaderTest.java:142)
	at sun.reflect.GeneratedMethodAccessor2.invoke(Unknown Source)
	at sun.reflect.DelegatingMethodAccessorImpl.invoke(Unknown Source)
	at java.lang.reflect.Method.invoke(Unknown Source)
	at org.testng.internal.MethodInvocationHelper.invokeMethod(MethodInvocationHelper.java:80)
	at org.testng.internal.Invoker.invokeMethod(Invoker.java:714)
	at org.testng.internal.Invoker.invokeTestMethod(Invoker.java:901)
	at org.testng.internal.Invoker.invokeTestMethods(Invoker.java:1231)
	at org.testng.internal.TestMethodWorker.invokeTestMethods(TestMethodWorker.java:128)
	at org.testng.internal.TestMethodWorker.run(TestMethodWorker.java:111)
	at org.testng.TestRunner.privateRun(TestRunner.java:767)
	at org.testng.TestRunner.run(TestRunner.java:617)
	at org.testng.SuiteRunner.runTest(SuiteRunner.java:334)
	at org.testng.SuiteRunner.runSequentially(SuiteRunner.java:329)
	at org.testng.SuiteRunner.privateRun(SuiteRunner.java:291)
	at org.testng.SuiteRunner.run(SuiteRunner.java:240)
	at org.testng.SuiteRunnerWorker.runSuite(SuiteRunnerWorker.java:52)
	at org.testng.SuiteRunnerWorker.run(SuiteRunnerWorker.java:86)
	at org.testng.TestNG.runSuitesSequentially(TestNG.java:1203)
	at org.testng.TestNG.runSuitesLocally(TestNG.java:1128)
	at org.testng.TestNG.run(TestNG.java:1036)
	at org.testng.remote.RemoteTestNG.run(RemoteTestNG.java:111)
	at org.testng.remote.RemoteTestNG.initAndRun(RemoteTestNG.java:204)
	at org.testng.remote.RemoteTestNG.main(RemoteTestNG.java:175)
]]>
    </failure>
  </testcase> <!-- Rdfa11Html5TestsJena -->
  <testcase name="Rdfa11Html5TestsJena" time="0.000" classname="org.semarglproject.jena.JenaRdfaXPathReaderTest">
    <failure type="com.hp.hpl.jena.shared.NoReaderForLangException" message="RDFA">
      <![CDATA[com.hp.hpl.jena.shared.NoReaderForLangException: RDFA
	at com.hp.hpl.jena.rdf.model.impl.RDFReaderFImpl.getReader(RDFReaderFImpl.java:101)
	at com.hp.hpl.jena.rdf.model.impl.ModelCom.read(ModelCom.java:261)
	at org.semarglproject.jena.JenaRdfaXPathReaderTest$1.run(JenaRdfaXPathReaderTest.java:45)
	at org.semarglproject.rdf.rdfa.RdfaTestBundle.runTestBundle(RdfaTestBundle.java:196)
	at org.semarglproject.jena.JenaRdfaXPathReaderTest.Rdfa11Html5TestsJena(JenaRdfaXPathReaderTest.java:142)
	at sun.reflect.GeneratedMethodAccessor2.invoke(Unknown Source)
	at sun.reflect.DelegatingMethodAccessorImpl.invoke(Unknown Source)
	at java.lang.reflect.Method.invoke(Unknown Source)
	at org.testng.internal.MethodInvocationHelper.invokeMethod(MethodInvocationHelper.java:80)
	at org.testng.internal.Invoker.invokeMethod(Invoker.java:714)
	at org.testng.internal.Invoker.invokeTestMethod(Invoker.java:901)
	at org.testng.internal.Invoker.invokeTestMethods(Invoker.java:1231)
	at org.testng.internal.TestMethodWorker.invokeTestMethods(TestMethodWorker.java:128)
	at org.testng.internal.TestMethodWorker.run(TestMethodWorker.java:111)
	at org.testng.TestRunner.privateRun(TestRunner.java:767)
	at org.testng.TestRunner.run(TestRunner.java:617)
	at org.testng.SuiteRunner.runTest(SuiteRunner.java:334)
	at org.testng.SuiteRunner.runSequentially(SuiteRunner.java:329)
	at org.testng.SuiteRunner.privateRun(SuiteRunner.java:291)
	at org.testng.SuiteRunner.run(SuiteRunner.java:240)
	at org.testng.SuiteRunnerWorker.runSuite(SuiteRunnerWorker.java:52)
	at org.testng.SuiteRunnerWorker.run(SuiteRunnerWorker.java:86)
	at org.testng.TestNG.runSuitesSequentially(TestNG.java:1203)
	at org.testng.TestNG.runSuitesLocally(TestNG.java:1128)
	at org.testng.TestNG.run(TestNG.java:1036)
	at org.testng.remote.RemoteTestNG.run(RemoteTestNG.java:111)
	at org.testng.remote.RemoteTestNG.initAndRun(RemoteTestNG.java:204)
	at org.testng.remote.RemoteTestNG.main(RemoteTestNG.java:175)
]]>
    </failure>
  </testcase> <!-- Rdfa11Html5TestsJena -->
  <testcase name="Rdfa11XmlTestsJena" time="0.000" classname="org.semarglproject.jena.JenaRdfaXPathReaderTest">
    <failure type="com.hp.hpl.jena.shared.NoReaderForLangException" message="RDFA">
      <![CDATA[com.hp.hpl.jena.shared.NoReaderForLangException: RDFA
	at com.hp.hpl.jena.rdf.model.impl.RDFReaderFImpl.getReader(RDFReaderFImpl.java:101)
	at com.hp.hpl.jena.rdf.model.impl.ModelCom.read(ModelCom.java:261)
	at org.semarglproject.jena.JenaRdfaXPathReaderTest$1.run(JenaRdfaXPathReaderTest.java:45)
	at org.semarglproject.rdf.rdfa.RdfaTestBundle.runTestBundle(RdfaTestBundle.java:196)
	at org.semarglproject.jena.JenaRdfaXPathReaderTest.Rdfa11XmlTestsJena(JenaRdfaXPathReaderTest.java:151)
	at sun.reflect.GeneratedMethodAccessor3.invoke(Unknown Source)
	at sun.reflect.DelegatingMethodAccessorImpl.invoke(Unknown Source)
	at java.lang.reflect.Method.invoke(Unknown Source)
	at org.testng.internal.MethodInvocationHelper.invokeMethod(MethodInvocationHelper.java:80)
	at org.testng.internal.Invoker.invokeMethod(Invoker.java:714)
	at org.testng.internal.Invoker.invokeTestMethod(Invoker.java:901)
	at org.testng.internal.Invoker.invokeTestMethods(Invoker.java:1231)
	at org.testng.internal.TestMethodWorker.invokeTestMethods(TestMethodWorker.java:128)
	at org.testng.internal.TestMethodWorker.run(TestMethodWorker.java:111)
	at org.testng.TestRunner.privateRun(TestRunner.java:767)
	at org.testng.TestRunner.run(TestRunner.java:617)
	at org.testng.SuiteRunner.runTest(SuiteRunner.java:334)
	at org.testng.SuiteRunner.runSequentially(SuiteRunner.java:329)
	at org.testng.SuiteRunner.privateRun(SuiteRunner.java:291)
	at org.testng.SuiteRunner.run(SuiteRunner.java:240)
	at org.testng.SuiteRunnerWorker.runSuite(SuiteRunnerWorker.java:52)
	at org.testng.SuiteRunnerWorker.run(SuiteRunnerWorker.java:86)
	at org.testng.TestNG.runSuitesSequentially(TestNG.java:1203)
	at org.testng.TestNG.runSuitesLocally(TestNG.java:1128)
	at org.testng.TestNG.run(TestNG.java:1036)
	at org.testng.remote.RemoteTestNG.run(RemoteTestNG.java:111)
	at org.testng.remote.RemoteTestNG.initAndRun(RemoteTestNG.java:204)
	at org.testng.remote.RemoteTestNG.main(RemoteTestNG.java:175)
]]>
    </failure>
  </testcase> <!-- Rdfa11XmlTestsJena -->
  <testcase name="Rdfa11Html5TestsJena" time="0.000" classname="org.semarglproject.jena.JenaRdfaXPathReaderTest">
    <failure type="com.hp.hpl.jena.shared.NoReaderForLangException" message="RDFA">
      <![CDATA[com.hp.hpl.jena.shared.NoReaderForLangException: RDFA
	at com.hp.hpl.jena.rdf.model.impl.RDFReaderFImpl.getReader(RDFReaderFImpl.java:101)
	at com.hp.hpl.jena.rdf.model.impl.ModelCom.read(ModelCom.java:261)
	at org.semarglproject.jena.JenaRdfaXPathReaderTest$1.run(JenaRdfaXPathReaderTest.java:45)
	at org.semarglproject.rdf.rdfa.RdfaTestBundle.runTestBundle(RdfaTestBundle.java:196)
	at org.semarglproject.jena.JenaRdfaXPathReaderTest.Rdfa11Html5TestsJena(JenaRdfaXPathReaderTest.java:142)
	at sun.reflect.GeneratedMethodAccessor2.invoke(Unknown Source)
	at sun.reflect.DelegatingMethodAccessorImpl.invoke(Unknown Source)
	at java.lang.reflect.Method.invoke(Unknown Source)
	at org.testng.internal.MethodInvocationHelper.invokeMethod(MethodInvocationHelper.java:80)
	at org.testng.internal.Invoker.invokeMethod(Invoker.java:714)
	at org.testng.internal.Invoker.invokeTestMethod(Invoker.java:901)
	at org.testng.internal.Invoker.invokeTestMethods(Invoker.java:1231)
	at org.testng.internal.TestMethodWorker.invokeTestMethods(TestMethodWorker.java:128)
	at org.testng.internal.TestMethodWorker.run(TestMethodWorker.java:111)
	at org.testng.TestRunner.privateRun(TestRunner.java:767)
	at org.testng.TestRunner.run(TestRunner.java:617)
	at org.testng.SuiteRunner.runTest(SuiteRunner.java:334)
	at org.testng.SuiteRunner.runSequentially(SuiteRunner.java:329)
	at org.testng.SuiteRunner.privateRun(SuiteRunner.java:291)
	at org.testng.SuiteRunner.run(SuiteRunner.java:240)
	at org.testng.SuiteRunnerWorker.runSuite(SuiteRunnerWorker.java:52)
	at org.testng.SuiteRunnerWorker.run(SuiteRunnerWorker.java:86)
	at org.testng.TestNG.runSuitesSequentially(TestNG.java:1203)
	at org.testng.TestNG.runSuitesLocally(TestNG.java:1128)
	at org.testng.TestNG.run(TestNG.java:1036)
	at org.testng.remote.RemoteTestNG.run(RemoteTestNG.java:111)
	at org.testng.remote.RemoteTestNG.initAndRun(RemoteTestNG.java:204)
	at org.testng.remote.RemoteTestNG.main(RemoteTestNG.java:175)
]]>
    </failure>
  </testcase> <!-- Rdfa11Html5TestsJena -->
  <testcase name="Rdfa11Html5TestsJena" time="0.015" classname="org.semarglproject.jena.JenaRdfaXPathReaderTest">
    <failure type="com.hp.hpl.jena.shared.NoReaderForLangException" message="RDFA">
      <![CDATA[com.hp.hpl.jena.shared.NoReaderForLangException: RDFA
	at com.hp.hpl.jena.rdf.model.impl.RDFReaderFImpl.getReader(RDFReaderFImpl.java:101)
	at com.hp.hpl.jena.rdf.model.impl.ModelCom.read(ModelCom.java:261)
	at org.semarglproject.jena.JenaRdfaXPathReaderTest$1.run(JenaRdfaXPathReaderTest.java:45)
	at org.semarglproject.rdf.rdfa.RdfaTestBundle.runTestBundle(RdfaTestBundle.java:196)
	at org.semarglproject.jena.JenaRdfaXPathReaderTest.Rdfa11Html5TestsJena(JenaRdfaXPathReaderTest.java:142)
	at sun.reflect.GeneratedMethodAccessor2.invoke(Unknown Source)
	at sun.reflect.DelegatingMethodAccessorImpl.invoke(Unknown Source)
	at java.lang.reflect.Method.invoke(Unknown Source)
	at org.testng.internal.MethodInvocationHelper.invokeMethod(MethodInvocationHelper.java:80)
	at org.testng.internal.Invoker.invokeMethod(Invoker.java:714)
	at org.testng.internal.Invoker.invokeTestMethod(Invoker.java:901)
	at org.testng.internal.Invoker.invokeTestMethods(Invoker.java:1231)
	at org.testng.internal.TestMethodWorker.invokeTestMethods(TestMethodWorker.java:128)
	at org.testng.internal.TestMethodWorker.run(TestMethodWorker.java:111)
	at org.testng.TestRunner.privateRun(TestRunner.java:767)
	at org.testng.TestRunner.run(TestRunner.java:617)
	at org.testng.SuiteRunner.runTest(SuiteRunner.java:334)
	at org.testng.SuiteRunner.runSequentially(SuiteRunner.java:329)
	at org.testng.SuiteRunner.privateRun(SuiteRunner.java:291)
	at org.testng.SuiteRunner.run(SuiteRunner.java:240)
	at org.testng.SuiteRunnerWorker.runSuite(SuiteRunnerWorker.java:52)
	at org.testng.SuiteRunnerWorker.run(SuiteRunnerWorker.java:86)
	at org.testng.TestNG.runSuitesSequentially(TestNG.java:1203)
	at org.testng.TestNG.runSuitesLocally(TestNG.java:1128)
	at org.testng.TestNG.run(TestNG.java:1036)
	at org.testng.remote.RemoteTestNG.run(RemoteTestNG.java:111)
	at org.testng.remote.RemoteTestNG.initAndRun(RemoteTestNG.java:204)
	at org.testng.remote.RemoteTestNG.main(RemoteTestNG.java:175)
]]>
    </failure>
  </testcase> <!-- Rdfa11Html5TestsJena -->
  <testcase name="Rdfa11Html5TestsJena" time="0.000" classname="org.semarglproject.jena.JenaRdfaXPathReaderTest">
    <failure type="com.hp.hpl.jena.shared.NoReaderForLangException" message="RDFA">
      <![CDATA[com.hp.hpl.jena.shared.NoReaderForLangException: RDFA
	at com.hp.hpl.jena.rdf.model.impl.RDFReaderFImpl.getReader(RDFReaderFImpl.java:101)
	at com.hp.hpl.jena.rdf.model.impl.ModelCom.read(ModelCom.java:261)
	at org.semarglproject.jena.JenaRdfaXPathReaderTest$1.run(JenaRdfaXPathReaderTest.java:45)
	at org.semarglproject.rdf.rdfa.RdfaTestBundle.runTestBundle(RdfaTestBundle.java:196)
	at org.semarglproject.jena.JenaRdfaXPathReaderTest.Rdfa11Html5TestsJena(JenaRdfaXPathReaderTest.java:142)
	at sun.reflect.GeneratedMethodAccessor2.invoke(Unknown Source)
	at sun.reflect.DelegatingMethodAccessorImpl.invoke(Unknown Source)
	at java.lang.reflect.Method.invoke(Unknown Source)
	at org.testng.internal.MethodInvocationHelper.invokeMethod(MethodInvocationHelper.java:80)
	at org.testng.internal.Invoker.invokeMethod(Invoker.java:714)
	at org.testng.internal.Invoker.invokeTestMethod(Invoker.java:901)
	at org.testng.internal.Invoker.invokeTestMethods(Invoker.java:1231)
	at org.testng.internal.TestMethodWorker.invokeTestMethods(TestMethodWorker.java:128)
	at org.testng.internal.TestMethodWorker.run(TestMethodWorker.java:111)
	at org.testng.TestRunner.privateRun(TestRunner.java:767)
	at org.testng.TestRunner.run(TestRunner.java:617)
	at org.testng.SuiteRunner.runTest(SuiteRunner.java:334)
	at org.testng.SuiteRunner.runSequentially(SuiteRunner.java:329)
	at org.testng.SuiteRunner.privateRun(SuiteRunner.java:291)
	at org.testng.SuiteRunner.run(SuiteRunner.java:240)
	at org.testng.SuiteRunnerWorker.runSuite(SuiteRunnerWorker.java:52)
	at org.testng.SuiteRunnerWorker.run(SuiteRunnerWorker.java:86)
	at org.testng.TestNG.runSuitesSequentially(TestNG.java:1203)
	at org.testng.TestNG.runSuitesLocally(TestNG.java:1128)
	at org.testng.TestNG.run(TestNG.java:1036)
	at org.testng.remote.RemoteTestNG.run(RemoteTestNG.java:111)
	at org.testng.remote.RemoteTestNG.initAndRun(RemoteTestNG.java:204)
	at org.testng.remote.RemoteTestNG.main(RemoteTestNG.java:175)
]]>
    </failure>
  </testcase> <!-- Rdfa11Html5TestsJena -->
  <testcase name="Rdfa11Html5TestsJena" time="0.000" classname="org.semarglproject.jena.JenaRdfaXPathReaderTest">
    <failure type="com.hp.hpl.jena.shared.NoReaderForLangException" message="RDFA">
      <![CDATA[com.hp.hpl.jena.shared.NoReaderForLangException: RDFA
	at com.hp.hpl.jena.rdf.model.impl.RDFReaderFImpl.getReader(RDFReaderFImpl.java:101)
	at com.hp.hpl.jena.rdf.model.impl.ModelCom.read(ModelCom.java:261)
	at org.semarglproject.jena.JenaRdfaXPathReaderTest$1.run(JenaRdfaXPathReaderTest.java:45)
	at org.semarglproject.rdf.rdfa.RdfaTestBundle.runTestBundle(RdfaTestBundle.java:196)
	at org.semarglproject.jena.JenaRdfaXPathReaderTest.Rdfa11Html5TestsJena(JenaRdfaXPathReaderTest.java:142)
	at sun.reflect.GeneratedMethodAccessor2.invoke(Unknown Source)
	at sun.reflect.DelegatingMethodAccessorImpl.invoke(Unknown Source)
	at java.lang.reflect.Method.invoke(Unknown Source)
	at org.testng.internal.MethodInvocationHelper.invokeMethod(MethodInvocationHelper.java:80)
	at org.testng.internal.Invoker.invokeMethod(Invoker.java:714)
	at org.testng.internal.Invoker.invokeTestMethod(Invoker.java:901)
	at org.testng.internal.Invoker.invokeTestMethods(Invoker.java:1231)
	at org.testng.internal.TestMethodWorker.invokeTestMethods(TestMethodWorker.java:128)
	at org.testng.internal.TestMethodWorker.run(TestMethodWorker.java:111)
	at org.testng.TestRunner.privateRun(TestRunner.java:767)
	at org.testng.TestRunner.run(TestRunner.java:617)
	at org.testng.SuiteRunner.runTest(SuiteRunner.java:334)
	at org.testng.SuiteRunner.runSequentially(SuiteRunner.java:329)
	at org.testng.SuiteRunner.privateRun(SuiteRunner.java:291)
	at org.testng.SuiteRunner.run(SuiteRunner.java:240)
	at org.testng.SuiteRunnerWorker.runSuite(SuiteRunnerWorker.java:52)
	at org.testng.SuiteRunnerWorker.run(SuiteRunnerWorker.java:86)
	at org.testng.TestNG.runSuitesSequentially(TestNG.java:1203)
	at org.testng.TestNG.runSuitesLocally(TestNG.java:1128)
	at org.testng.TestNG.run(TestNG.java:1036)
	at org.testng.remote.RemoteTestNG.run(RemoteTestNG.java:111)
	at org.testng.remote.RemoteTestNG.initAndRun(RemoteTestNG.java:204)
	at org.testng.remote.RemoteTestNG.main(RemoteTestNG.java:175)
]]>
    </failure>
  </testcase> <!-- Rdfa11Html5TestsJena -->
  <testcase name="Rdfa11Html5TestsJena" time="0.000" classname="org.semarglproject.jena.JenaRdfaXPathReaderTest">
    <failure type="com.hp.hpl.jena.shared.NoReaderForLangException" message="RDFA">
      <![CDATA[com.hp.hpl.jena.shared.NoReaderForLangException: RDFA
	at com.hp.hpl.jena.rdf.model.impl.RDFReaderFImpl.getReader(RDFReaderFImpl.java:101)
	at com.hp.hpl.jena.rdf.model.impl.ModelCom.read(ModelCom.java:261)
	at org.semarglproject.jena.JenaRdfaXPathReaderTest$1.run(JenaRdfaXPathReaderTest.java:45)
	at org.semarglproject.rdf.rdfa.RdfaTestBundle.runTestBundle(RdfaTestBundle.java:196)
	at org.semarglproject.jena.JenaRdfaXPathReaderTest.Rdfa11Html5TestsJena(JenaRdfaXPathReaderTest.java:142)
	at sun.reflect.GeneratedMethodAccessor2.invoke(Unknown Source)
	at sun.reflect.DelegatingMethodAccessorImpl.invoke(Unknown Source)
	at java.lang.reflect.Method.invoke(Unknown Source)
	at org.testng.internal.MethodInvocationHelper.invokeMethod(MethodInvocationHelper.java:80)
	at org.testng.internal.Invoker.invokeMethod(Invoker.java:714)
	at org.testng.internal.Invoker.invokeTestMethod(Invoker.java:901)
	at org.testng.internal.Invoker.invokeTestMethods(Invoker.java:1231)
	at org.testng.internal.TestMethodWorker.invokeTestMethods(TestMethodWorker.java:128)
	at org.testng.internal.TestMethodWorker.run(TestMethodWorker.java:111)
	at org.testng.TestRunner.privateRun(TestRunner.java:767)
	at org.testng.TestRunner.run(TestRunner.java:617)
	at org.testng.SuiteRunner.runTest(SuiteRunner.java:334)
	at org.testng.SuiteRunner.runSequentially(SuiteRunner.java:329)
	at org.testng.SuiteRunner.privateRun(SuiteRunner.java:291)
	at org.testng.SuiteRunner.run(SuiteRunner.java:240)
	at org.testng.SuiteRunnerWorker.runSuite(SuiteRunnerWorker.java:52)
	at org.testng.SuiteRunnerWorker.run(SuiteRunnerWorker.java:86)
	at org.testng.TestNG.runSuitesSequentially(TestNG.java:1203)
	at org.testng.TestNG.runSuitesLocally(TestNG.java:1128)
	at org.testng.TestNG.run(TestNG.java:1036)
	at org.testng.remote.RemoteTestNG.run(RemoteTestNG.java:111)
	at org.testng.remote.RemoteTestNG.initAndRun(RemoteTestNG.java:204)
	at org.testng.remote.RemoteTestNG.main(RemoteTestNG.java:175)
]]>
    </failure>
  </testcase> <!-- Rdfa11Html5TestsJena -->
  <testcase name="Rdfa11Html5TestsJena" time="0.000" classname="org.semarglproject.jena.JenaRdfaXPathReaderTest">
    <failure type="com.hp.hpl.jena.shared.NoReaderForLangException" message="RDFA">
      <![CDATA[com.hp.hpl.jena.shared.NoReaderForLangException: RDFA
	at com.hp.hpl.jena.rdf.model.impl.RDFReaderFImpl.getReader(RDFReaderFImpl.java:101)
	at com.hp.hpl.jena.rdf.model.impl.ModelCom.read(ModelCom.java:261)
	at org.semarglproject.jena.JenaRdfaXPathReaderTest$1.run(JenaRdfaXPathReaderTest.java:45)
	at org.semarglproject.rdf.rdfa.RdfaTestBundle.runTestBundle(RdfaTestBundle.java:196)
	at org.semarglproject.jena.JenaRdfaXPathReaderTest.Rdfa11Html5TestsJena(JenaRdfaXPathReaderTest.java:142)
	at sun.reflect.NativeMethodAccessorImpl.invoke0(Native Method)
	at sun.reflect.NativeMethodAccessorImpl.invoke(Unknown Source)
	at sun.reflect.DelegatingMethodAccessorImpl.invoke(Unknown Source)
	at java.lang.reflect.Method.invoke(Unknown Source)
	at org.testng.internal.MethodInvocationHelper.invokeMethod(MethodInvocationHelper.java:80)
	at org.testng.internal.Invoker.invokeMethod(Invoker.java:714)
	at org.testng.internal.Invoker.invokeTestMethod(Invoker.java:901)
	at org.testng.internal.Invoker.invokeTestMethods(Invoker.java:1231)
	at org.testng.internal.TestMethodWorker.invokeTestMethods(TestMethodWorker.java:128)
	at org.testng.internal.TestMethodWorker.run(TestMethodWorker.java:111)
	at org.testng.TestRunner.privateRun(TestRunner.java:767)
	at org.testng.TestRunner.run(TestRunner.java:617)
	at org.testng.SuiteRunner.runTest(SuiteRunner.java:334)
	at org.testng.SuiteRunner.runSequentially(SuiteRunner.java:329)
	at org.testng.SuiteRunner.privateRun(SuiteRunner.java:291)
	at org.testng.SuiteRunner.run(SuiteRunner.java:240)
	at org.testng.SuiteRunnerWorker.runSuite(SuiteRunnerWorker.java:52)
	at org.testng.SuiteRunnerWorker.run(SuiteRunnerWorker.java:86)
	at org.testng.TestNG.runSuitesSequentially(TestNG.java:1203)
	at org.testng.TestNG.runSuitesLocally(TestNG.java:1128)
	at org.testng.TestNG.run(TestNG.java:1036)
	at org.testng.remote.RemoteTestNG.run(RemoteTestNG.java:111)
	at org.testng.remote.RemoteTestNG.initAndRun(RemoteTestNG.java:204)
	at org.testng.remote.RemoteTestNG.main(RemoteTestNG.java:175)
]]>
    </failure>
  </testcase> <!-- Rdfa11Html5TestsJena -->
  <testcase name="Rdfa11Html5TestsJena" time="0.000" classname="org.semarglproject.jena.JenaRdfaXPathReaderTest">
    <failure type="com.hp.hpl.jena.shared.NoReaderForLangException" message="RDFA">
      <![CDATA[com.hp.hpl.jena.shared.NoReaderForLangException: RDFA
	at com.hp.hpl.jena.rdf.model.impl.RDFReaderFImpl.getReader(RDFReaderFImpl.java:101)
	at com.hp.hpl.jena.rdf.model.impl.ModelCom.read(ModelCom.java:261)
	at org.semarglproject.jena.JenaRdfaXPathReaderTest$1.run(JenaRdfaXPathReaderTest.java:45)
	at org.semarglproject.rdf.rdfa.RdfaTestBundle.runTestBundle(RdfaTestBundle.java:196)
	at org.semarglproject.jena.JenaRdfaXPathReaderTest.Rdfa11Html5TestsJena(JenaRdfaXPathReaderTest.java:142)
	at sun.reflect.GeneratedMethodAccessor2.invoke(Unknown Source)
	at sun.reflect.DelegatingMethodAccessorImpl.invoke(Unknown Source)
	at java.lang.reflect.Method.invoke(Unknown Source)
	at org.testng.internal.MethodInvocationHelper.invokeMethod(MethodInvocationHelper.java:80)
	at org.testng.internal.Invoker.invokeMethod(Invoker.java:714)
	at org.testng.internal.Invoker.invokeTestMethod(Invoker.java:901)
	at org.testng.internal.Invoker.invokeTestMethods(Invoker.java:1231)
	at org.testng.internal.TestMethodWorker.invokeTestMethods(TestMethodWorker.java:128)
	at org.testng.internal.TestMethodWorker.run(TestMethodWorker.java:111)
	at org.testng.TestRunner.privateRun(TestRunner.java:767)
	at org.testng.TestRunner.run(TestRunner.java:617)
	at org.testng.SuiteRunner.runTest(SuiteRunner.java:334)
	at org.testng.SuiteRunner.runSequentially(SuiteRunner.java:329)
	at org.testng.SuiteRunner.privateRun(SuiteRunner.java:291)
	at org.testng.SuiteRunner.run(SuiteRunner.java:240)
	at org.testng.SuiteRunnerWorker.runSuite(SuiteRunnerWorker.java:52)
	at org.testng.SuiteRunnerWorker.run(SuiteRunnerWorker.java:86)
	at org.testng.TestNG.runSuitesSequentially(TestNG.java:1203)
	at org.testng.TestNG.runSuitesLocally(TestNG.java:1128)
	at org.testng.TestNG.run(TestNG.java:1036)
	at org.testng.remote.RemoteTestNG.run(RemoteTestNG.java:111)
	at org.testng.remote.RemoteTestNG.initAndRun(RemoteTestNG.java:204)
	at org.testng.remote.RemoteTestNG.main(RemoteTestNG.java:175)
]]>
    </failure>
  </testcase> <!-- Rdfa11Html5TestsJena -->
  <testcase name="Rdfa11XmlTestsJena" time="0.016" classname="org.semarglproject.jena.JenaRdfaXPathReaderTest">
    <failure type="com.hp.hpl.jena.shared.NoReaderForLangException" message="RDFA">
      <![CDATA[com.hp.hpl.jena.shared.NoReaderForLangException: RDFA
	at com.hp.hpl.jena.rdf.model.impl.RDFReaderFImpl.getReader(RDFReaderFImpl.java:101)
	at com.hp.hpl.jena.rdf.model.impl.ModelCom.read(ModelCom.java:261)
	at org.semarglproject.jena.JenaRdfaXPathReaderTest$1.run(JenaRdfaXPathReaderTest.java:45)
	at org.semarglproject.rdf.rdfa.RdfaTestBundle.runTestBundle(RdfaTestBundle.java:196)
	at org.semarglproject.jena.JenaRdfaXPathReaderTest.Rdfa11XmlTestsJena(JenaRdfaXPathReaderTest.java:151)
	at sun.reflect.GeneratedMethodAccessor3.invoke(Unknown Source)
	at sun.reflect.DelegatingMethodAccessorImpl.invoke(Unknown Source)
	at java.lang.reflect.Method.invoke(Unknown Source)
	at org.testng.internal.MethodInvocationHelper.invokeMethod(MethodInvocationHelper.java:80)
	at org.testng.internal.Invoker.invokeMethod(Invoker.java:714)
	at org.testng.internal.Invoker.invokeTestMethod(Invoker.java:901)
	at org.testng.internal.Invoker.invokeTestMethods(Invoker.java:1231)
[...]
      <![CDATA[com.hp.hpl.jena.shared.NoReaderForLangException: RDFA
	at com.hp.hpl.jena.rdf.model.impl.RDFReaderFImpl.getReader(RDFReaderFImpl.java:101)
	at com.hp.hpl.jena.rdf.model.impl.ModelCom.read(ModelCom.java:261)
	at org.semarglproject.jena.JenaRdfaXPathReaderTest$1.run(JenaRdfaXPathReaderTest.java:45)
	at org.semarglproject.rdf.rdfa.RdfaTestBundle.runTestBundle(RdfaTestBundle.java:196)
	at org.semarglproject.jena.JenaRdfaXPathReaderTest.Rdfa11Html5TestsJena(JenaRdfaXPathReaderTest.java:142)
	at sun.reflect.GeneratedMethodAccessor2.invoke(Unknown Source)
	at sun.reflect.DelegatingMethodAccessorImpl.invoke(Unknown Source)
	at java.lang.reflect.Method.invoke(Unknown Source)
	at org.testng.internal.MethodInvocationHelper.invokeMethod(MethodInvocationHelper.java:80)
	at org.testng.internal.Invoker.invokeMethod(Invoker.java:714)
	at org.testng.internal.Invoker.invokeTestMethod(Invoker.java:901)
	at org.testng.internal.Invoker.invokeTestMethods(Invoker.java:1231)
	at org.testng.internal.TestMethodWorker.invokeTestMethods(TestMethodWorker.java:128)
	at org.testng.internal.TestMethodWorker.run(TestMethodWorker.java:111)
	at org.testng.TestRunner.privateRun(TestRunner.java:767)
	at org.testng.TestRunner.run(TestRunner.java:617)
	at org.testng.SuiteRunner.runTest(SuiteRunner.java:334)
	at org.testng.SuiteRunner.runSequentially(SuiteRunner.java:329)
	at org.testng.SuiteRunner.privateRun(SuiteRunner.java:291)
	at org.testng.SuiteRunner.run(SuiteRunner.java:240)
	at org.testng.SuiteRunnerWorker.runSuite(SuiteRunnerWorker.java:52)
	at org.testng.SuiteRunnerWorker.run(SuiteRunnerWorker.java:86)
	at org.testng.TestNG.runSuitesSequentially(TestNG.java:1203)
	at org.testng.TestNG.runSuitesLocally(TestNG.java:1128)
	at org.testng.TestNG.run(TestNG.java:1036)
	at org.testng.remote.RemoteTestNG.run(RemoteTestNG.java:111)
	at org.testng.remote.RemoteTestNG.initAndRun(RemoteTestNG.java:204)
	at org.testng.remote.RemoteTestNG.main(RemoteTestNG.java:175)
]]>
    </failure>
  </testcase> <!-- Rdfa11Html5TestsJena -->
  <testcase name="Rdfa11Html5TestsJena" time="0.000" classname="org.semarglproject.jena.JenaRdfaXPathReaderTest">
    <failure type="com.hp.hpl.jena.shared.NoReaderForLangException" message="RDFA">
      <![CDATA[com.hp.hpl.jena.shared.NoReaderForLangException: RDFA
	at com.hp.hpl.jena.rdf.model.impl.RDFReaderFImpl.getReader(RDFReaderFImpl.java:101)
	at com.hp.hpl.jena.rdf.model.impl.ModelCom.read(ModelCom.java:261)
	at org.semarglproject.jena.JenaRdfaXPathReaderTest$1.run(JenaRdfaXPathReaderTest.java:45)
	at org.semarglproject.rdf.rdfa.RdfaTestBundle.runTestBundle(RdfaTestBundle.java:196)
	at org.semarglproject.jena.JenaRdfaXPathReaderTest.Rdfa11Html5TestsJena(JenaRdfaXPathReaderTest.java:142)
	at sun.reflect.GeneratedMethodAccessor2.invoke(Unknown Source)
	at sun.reflect.DelegatingMethodAccessorImpl.invoke(Unknown Source)
	at java.lang.reflect.Method.invoke(Unknown Source)
	at org.testng.internal.MethodInvocationHelper.invokeMethod(MethodInvocationHelper.java:80)
	at org.testng.internal.Invoker.invokeMethod(Invoker.java:714)
	at org.testng.internal.Invoker.invokeTestMethod(Invoker.java:901)
	at org.testng.internal.Invoker.invokeTestMethods(Invoker.java:1231)
	at org.testng.internal.TestMethodWorker.invokeTestMethods(TestMethodWorker.java:128)
	at org.testng.internal.TestMethodWorker.run(TestMethodWorker.java:111)
	at org.testng.TestRunner.privateRun(TestRunner.java:767)
	at org.testng.TestRunner.run(TestRunner.java:617)
	at org.testng.SuiteRunner.runTest(SuiteRunner.java:334)
	at org.testng.SuiteRunner.runSequentially(SuiteRunner.java:329)
	at org.testng.SuiteRunner.privateRun(SuiteRunner.java:291)
	at org.testng.SuiteRunner.run(SuiteRunner.java:240)
	at org.testng.SuiteRunnerWorker.runSuite(SuiteRunnerWorker.java:52)
	at org.testng.SuiteRunnerWorker.run(SuiteRunnerWorker.java:86)
	at org.testng.TestNG.runSuitesSequentially(TestNG.java:1203)
	at org.testng.TestNG.runSuitesLocally(TestNG.java:1128)
	at org.testng.TestNG.run(TestNG.java:1036)
	at org.testng.remote.RemoteTestNG.run(RemoteTestNG.java:111)
	at org.testng.remote.RemoteTestNG.initAndRun(RemoteTestNG.java:204)
	at org.testng.remote.RemoteTestNG.main(RemoteTestNG.java:175)
]]>
    </failure>
  </testcase> <!-- Rdfa11Html5TestsJena -->
  <testcase name="Rdfa11Html5TestsJena" time="0.000" classname="org.semarglproject.jena.JenaRdfaXPathReaderTest">
    <failure type="com.hp.hpl.jena.shared.NoReaderForLangException" message="RDFA">
      <![CDATA[com.hp.hpl.jena.shared.NoReaderForLangException: RDFA
	at com.hp.hpl.jena.rdf.model.impl.RDFReaderFImpl.getReader(RDFReaderFImpl.java:101)
	at com.hp.hpl.jena.rdf.model.impl.ModelCom.read(ModelCom.java:261)
	at org.semarglproject.jena.JenaRdfaXPathReaderTest$1.run(JenaRdfaXPathReaderTest.java:45)
	at org.semarglproject.rdf.rdfa.RdfaTestBundle.runTestBundle(RdfaTestBundle.java:196)
	at org.semarglproject.jena.JenaRdfaXPathReaderTest.Rdfa11Html5TestsJena(JenaRdfaXPathReaderTest.java:142)
	at sun.reflect.GeneratedMethodAccessor2.invoke(Unknown Source)
	at sun.reflect.DelegatingMethodAccessorImpl.invoke(Unknown Source)
	at java.lang.reflect.Method.invoke(Unknown Source)
	at org.testng.internal.MethodInvocationHelper.invokeMethod(MethodInvocationHelper.java:80)
	at org.testng.internal.Invoker.invokeMethod(Invoker.java:714)
	at org.testng.internal.Invoker.invokeTestMethod(Invoker.java:901)
	at org.testng.internal.Invoker.invokeTestMethods(Invoker.java:1231)
	at org.testng.internal.TestMethodWorker.invokeTestMethods(TestMethodWorker.java:128)
	at org.testng.internal.TestMethodWorker.run(TestMethodWorker.java:111)
	at org.testng.TestRunner.privateRun(TestRunner.java:767)
	at org.testng.TestRunner.run(TestRunner.java:617)
	at org.testng.SuiteRunner.runTest(SuiteRunner.java:334)
	at org.testng.SuiteRunner.runSequentially(SuiteRunner.java:329)
	at org.testng.SuiteRunner.privateRun(SuiteRunner.java:291)
	at org.testng.SuiteRunner.run(SuiteRunner.java:240)
	at org.testng.SuiteRunnerWorker.runSuite(SuiteRunnerWorker.java:52)
	at org.testng.SuiteRunnerWorker.run(SuiteRunnerWorker.java:86)
	at org.testng.TestNG.runSuitesSequentially(TestNG.java:1203)
	at org.testng.TestNG.runSuitesLocally(TestNG.java:1128)
	at org.testng.TestNG.run(TestNG.java:1036)
	at org.testng.remote.RemoteTestNG.run(RemoteTestNG.java:111)
	at org.testng.remote.RemoteTestNG.initAndRun(RemoteTestNG.java:204)
	at org.testng.remote.RemoteTestNG.main(RemoteTestNG.java:175)
]]>
    </failure>
  </testcase> <!-- Rdfa11Html5TestsJena -->
  <testcase name="Rdfa11Html5TestsJena" time="0.000" classname="org.semarglproject.jena.JenaRdfaXPathReaderTest">
    <failure type="com.hp.hpl.jena.shared.NoReaderForLangException" message="RDFA">
      <![CDATA[com.hp.hpl.jena.shared.NoReaderForLangException: RDFA
	at com.hp.hpl.jena.rdf.model.impl.RDFReaderFImpl.getReader(RDFReaderFImpl.java:101)
	at com.hp.hpl.jena.rdf.model.impl.ModelCom.read(ModelCom.java:261)
	at org.semarglproject.jena.JenaRdfaXPathReaderTest$1.run(JenaRdfaXPathReaderTest.java:45)
	at org.semarglproject.rdf.rdfa.RdfaTestBundle.runTestBundle(RdfaTestBundle.java:196)
	at org.semarglproject.jena.JenaRdfaXPathReaderTest.Rdfa11Html5TestsJena(JenaRdfaXPathReaderTest.java:142)
	at sun.reflect.GeneratedMethodAccessor2.invoke(Unknown Source)
	at sun.reflect.DelegatingMethodAccessorImpl.invoke(Unknown Source)
	at java.lang.reflect.Method.invoke(Unknown Source)
	at org.testng.internal.MethodInvocationHelper.invokeMethod(MethodInvocationHelper.java:80)
	at org.testng.internal.Invoker.invokeMethod(Invoker.java:714)
	at org.testng.internal.Invoker.invokeTestMethod(Invoker.java:901)
	at org.testng.internal.Invoker.invokeTestMethods(Invoker.java:1231)
	at org.testng.internal.TestMethodWorker.invokeTestMethods(TestMethodWorker.java:128)
	at org.testng.internal.TestMethodWorker.run(TestMethodWorker.java:111)
	at org.testng.TestRunner.privateRun(TestRunner.java:767)
	at org.testng.TestRunner.run(TestRunner.java:617)
	at org.testng.SuiteRunner.runTest(SuiteRunner.java:334)
	at org.testng.SuiteRunner.runSequentially(SuiteRunner.java:329)
	at org.testng.SuiteRunner.privateRun(SuiteRunner.java:291)
	at org.testng.SuiteRunner.run(SuiteRunner.java:240)
	at org.testng.SuiteRunnerWorker.runSuite(SuiteRunnerWorker.java:52)
	at org.testng.SuiteRunnerWorker.run(SuiteRunnerWorker.java:86)
	at org.testng.TestNG.runSuitesSequentially(TestNG.java:1203)
	at org.testng.TestNG.runSuitesLocally(TestNG.java:1128)
	at org.testng.TestNG.run(TestNG.java:1036)
	at org.testng.remote.RemoteTestNG.run(RemoteTestNG.java:111)
	at org.testng.remote.RemoteTestNG.initAndRun(RemoteTestNG.java:204)
	at org.testng.remote.RemoteTestNG.main(RemoteTestNG.java:175)
]]>
    </failure>
  </testcase> <!-- Rdfa11Html5TestsJena -->
  <testcase name="Rdfa11Html5TestsJena" time="0.000" classname="org.semarglproject.jena.JenaRdfaXPathReaderTest">
    <failure type="com.hp.hpl.jena.shared.NoReaderForLangException" message="RDFA">
      <![CDATA[com.hp.hpl.jena.shared.NoReaderForLangException: RDFA
	at com.hp.hpl.jena.rdf.model.impl.RDFReaderFImpl.getReader(RDFReaderFImpl.java:101)
	at com.hp.hpl.jena.rdf.model.impl.ModelCom.read(ModelCom.java:261)
	at org.semarglproject.jena.JenaRdfaXPathReaderTest$1.run(JenaRdfaXPathReaderTest.java:45)
	at org.semarglproject.rdf.rdfa.RdfaTestBundle.runTestBundle(RdfaTestBundle.java:196)
	at org.semarglproject.jena.JenaRdfaXPathReaderTest.Rdfa11Html5TestsJena(JenaRdfaXPathReaderTest.java:142)
	at sun.reflect.GeneratedMethodAccessor2.invoke(Unknown Source)
	at sun.reflect.DelegatingMethodAccessorImpl.invoke(Unknown Source)
	at java.lang.reflect.Method.invoke(Unknown Source)
	at org.testng.internal.MethodInvocationHelper.invokeMethod(MethodInvocationHelper.java:80)
	at org.testng.internal.Invoker.invokeMethod(Invoker.java:714)
	at org.testng.internal.Invoker.invokeTestMethod(Invoker.java:901)
	at org.testng.internal.Invoker.invokeTestMethods(Invoker.java:1231)
	at org.testng.internal.TestMethodWorker.invokeTestMethods(TestMethodWorker.java:128)
	at org.testng.internal.TestMethodWorker.run(TestMethodWorker.java:111)
	at org.testng.TestRunner.privateRun(TestRunner.java:767)
	at org.testng.TestRunner.run(TestRunner.java:617)
	at org.testng.SuiteRunner.runTest(SuiteRunner.java:334)
	at org.testng.SuiteRunner.runSequentially(SuiteRunner.java:329)
	at org.testng.SuiteRunner.privateRun(SuiteRunner.java:291)
	at org.testng.SuiteRunner.run(SuiteRunner.java:240)
	at org.testng.SuiteRunnerWorker.runSuite(SuiteRunnerWorker.java:52)
	at org.testng.SuiteRunnerWorker.run(SuiteRunnerWorker.java:86)
	at org.testng.TestNG.runSuitesSequentially(TestNG.java:1203)
	at org.testng.TestNG.runSuitesLocally(TestNG.java:1128)
	at org.testng.TestNG.run(TestNG.java:1036)
	at org.testng.remote.RemoteTestNG.run(RemoteTestNG.java:111)
	at org.testng.remote.RemoteTestNG.initAndRun(RemoteTestNG.java:204)
	at org.testng.remote.RemoteTestNG.main(RemoteTestNG.java:175)
]]>
    </failure>
  </testcase> <!-- Rdfa11Html5TestsJena -->
  <testcase name="Rdfa11XmlTestsJena" time="0.000" classname="org.semarglproject.jena.JenaRdfaXPathReaderTest">
    <failure type="com.hp.hpl.jena.shared.NoReaderForLangException" message="RDFA">
      <![CDATA[com.hp.hpl.jena.shared.NoReaderForLangException: RDFA
	at com.hp.hpl.jena.rdf.model.impl.RDFReaderFImpl.getReader(RDFReaderFImpl.java:101)
	at com.hp.hpl.jena.rdf.model.impl.ModelCom.read(ModelCom.java:261)
	at org.semarglproject.jena.JenaRdfaXPathReaderTest$1.run(JenaRdfaXPathReaderTest.java:45)
	at org.semarglproject.rdf.rdfa.RdfaTestBundle.runTestBundle(RdfaTestBundle.java:196)
	at org.semarglproject.jena.JenaRdfaXPathReaderTest.Rdfa11XmlTestsJena(JenaRdfaXPathReaderTest.java:151)
	at sun.reflect.GeneratedMethodAccessor3.invoke(Unknown Source)
	at sun.reflect.DelegatingMethodAccessorImpl.invoke(Unknown Source)
	at java.lang.reflect.Method.invoke(Unknown Source)
	at org.testng.internal.MethodInvocationHelper.invokeMethod(MethodInvocationHelper.java:80)
	at org.testng.internal.Invoker.invokeMethod(Invoker.java:714)
	at org.testng.internal.Invoker.invokeTestMethod(Invoker.java:901)
	at org.testng.internal.Invoker.invokeTestMethods(Invoker.java:1231)
	at org.testng.internal.TestMethodWorker.invokeTestMethods(TestMethodWorker.java:128)
	at org.testng.internal.TestMethodWorker.run(TestMethodWorker.java:111)
	at org.testng.TestRunner.privateRun(TestRunner.java:767)
	at org.testng.TestRunner.run(TestRunner.java:617)
	at org.testng.SuiteRunner.runTest(SuiteRunner.java:334)
	at org.testng.SuiteRunner.runSequentially(SuiteRunner.java:329)
	at org.testng.SuiteRunner.privateRun(SuiteRunner.java:291)
	at org.testng.SuiteRunner.run(SuiteRunner.java:240)
	at org.testng.SuiteRunnerWorker.runSuite(SuiteRunnerWorker.java:52)
	at org.testng.SuiteRunnerWorker.run(SuiteRunnerWorker.java:86)
	at org.testng.TestNG.runSuitesSequentially(TestNG.java:1203)
	at org.testng.TestNG.runSuitesLocally(TestNG.java:1128)
	at org.testng.TestNG.run(TestNG.java:1036)
	at org.testng.remote.RemoteTestNG.run(RemoteTestNG.java:111)
	at org.testng.remote.RemoteTestNG.initAndRun(RemoteTestNG.java:204)
	at org.testng.remote.RemoteTestNG.main(RemoteTestNG.java:175)
]]>
    </failure>
  </testcase> <!-- Rdfa11XmlTestsJena -->
  <testcase name="Rdfa11Html5TestsJena" time="0.000" classname="org.semarglproject.jena.JenaRdfaXPathReaderTest">
    <failure type="com.hp.hpl.jena.shared.NoReaderForLangException" message="RDFA">
      <![CDATA[com.hp.hpl.jena.shared.NoReaderForLangException: RDFA
	at com.hp.hpl.jena.rdf.model.impl.RDFReaderFImpl.getReader(RDFReaderFImpl.java:101)
	at com.hp.hpl.jena.rdf.model.impl.ModelCom.read(ModelCom.java:261)
	at org.semarglproject.jena.JenaRdfaXPathReaderTest$1.run(JenaRdfaXPathReaderTest.java:45)
	at org.semarglproject.rdf.rdfa.RdfaTestBundle.runTestBundle(RdfaTestBundle.java:196)
	at org.semarglproject.jena.JenaRdfaXPathReaderTest.Rdfa11Html5TestsJena(JenaRdfaXPathReaderTest.java:142)
	at sun.reflect.GeneratedMethodAccessor2.invoke(Unknown Source)
	at sun.reflect.DelegatingMethodAccessorImpl.invoke(Unknown Source)
	at java.lang.reflect.Method.invoke(Unknown Source)
	at org.testng.internal.MethodInvocationHelper.invokeMethod(MethodInvocationHelper.java:80)
	at org.testng.internal.Invoker.invokeMethod(Invoker.java:714)
	at org.testng.internal.Invoker.invokeTestMethod(Invoker.java:901)
	at org.testng.internal.Invoker.invokeTestMethods(Invoker.java:1231)
	at org.testng.internal.TestMethodWorker.invokeTestMethods(TestMethodWorker.java:128)
	at org.testng.internal.TestMethodWorker.run(TestMethodWorker.java:111)
	at org.testng.TestRunner.privateRun(TestRunner.java:767)
	at org.testng.TestRunner.run(TestRunner.java:617)
	at org.testng.SuiteRunner.runTest(SuiteRunner.java:334)
	at org.testng.SuiteRunner.runSequentially(SuiteRunner.java:329)
	at org.testng.SuiteRunner.privateRun(SuiteRunner.java:291)
	at org.testng.SuiteRunner.run(SuiteRunner.java:240)
	at org.testng.SuiteRunnerWorker.runSuite(SuiteRunnerWorker.java:52)
	at org.testng.SuiteRunnerWorker.run(SuiteRunnerWorker.java:86)
	at org.testng.TestNG.runSuitesSequentially(TestNG.java:1203)
	at org.testng.TestNG.runSuitesLocally(TestNG.java:1128)
	at org.testng.TestNG.run(TestNG.java:1036)
	at org.testng.remote.RemoteTestNG.run(RemoteTestNG.java:111)
	at org.testng.remote.RemoteTestNG.initAndRun(RemoteTestNG.java:204)
	at org.testng.remote.RemoteTestNG.main(RemoteTestNG.java:175)
]]>
    </failure>
  </testcase> <!-- Rdfa11Html5TestsJena -->
  <testcase name="Rdfa11XmlTestsJena" time="0.000" classname="org.semarglproject.jena.JenaRdfaXPathReaderTest">
    <failure type="com.hp.hpl.jena.shared.NoReaderForLangException" message="RDFA">
      <![CDATA[com.hp.hpl.jena.shared.NoReaderForLangException: RDFA
	at com.hp.hpl.jena.rdf.model.impl.RDFReaderFImpl.getReader(RDFReaderFImpl.java:101)
	at com.hp.hpl.jena.rdf.model.impl.ModelCom.read(ModelCom.java:261)
	at org.semarglproject.jena.JenaRdfaXPathReaderTest$1.run(JenaRdfaXPathReaderTest.java:45)
	at org.semarglproject.rdf.rdfa.RdfaTestBundle.runTestBundle(RdfaTestBundle.java:196)
	at org.semarglproject.jena.JenaRdfaXPathReaderTest.Rdfa11XmlTestsJena(JenaRdfaXPathReaderTest.java:151)
	at sun.reflect.GeneratedMethodAccessor3.invoke(Unknown Source)
	at sun.reflect.DelegatingMethodAccessorImpl.invoke(Unknown Source)
	at java.lang.reflect.Method.invoke(Unknown Source)
	at org.testng.internal.MethodInvocationHelper.invokeMethod(MethodInvocationHelper.java:80)
	at org.testng.internal.Invoker.invokeMethod(Invoker.java:714)
	at org.testng.internal.Invoker.invokeTestMethod(Invoker.java:901)
	at org.testng.internal.Invoker.invokeTestMethods(Invoker.java:1231)
	at org.testng.internal.TestMethodWorker.invokeTestMethods(TestMethodWorker.java:128)
	at org.testng.internal.TestMethodWorker.run(TestMethodWorker.java:111)
	at org.testng.TestRunner.privateRun(TestRunner.java:767)
	at org.testng.TestRunner.run(TestRunner.java:617)
	at org.testng.SuiteRunner.runTest(SuiteRunner.java:334)
	at org.testng.SuiteRunner.runSequentially(SuiteRunner.java:329)
	at org.testng.SuiteRunner.privateRun(SuiteRunner.java:291)
	at org.testng.SuiteRunner.run(SuiteRunner.java:240)
	at org.testng.SuiteRunnerWorker.runSuite(SuiteRunnerWorker.java:52)
	at org.testng.SuiteRunnerWorker.run(SuiteRunnerWorker.java:86)
	at org.testng.TestNG.runSuitesSequentially(TestNG.java:1203)
	at org.testng.TestNG.runSuitesLocally(TestNG.java:1128)
	at org.testng.TestNG.run(TestNG.java:1036)
	at org.testng.remote.RemoteTestNG.run(RemoteTestNG.java:111)
	at org.testng.remote.RemoteTestNG.initAndRun(RemoteTestNG.java:204)
	at org.testng.remote.RemoteTestNG.main(RemoteTestNG.java:175)
]]>
    </failure>
  </testcase> <!-- Rdfa11XmlTestsJena -->
  <testcase name="Rdfa11XmlTestsJena" time="0.000" classname="org.semarglproject.jena.JenaRdfaXPathReaderTest">
    <failure type="com.hp.hpl.jena.shared.NoReaderForLangException" message="RDFA">
      <![CDATA[com.hp.hpl.jena.shared.NoReaderForLangException: RDFA
	at com.hp.hpl.jena.rdf.model.impl.RDFReaderFImpl.getReader(RDFReaderFImpl.java:101)
	at com.hp.hpl.jena.rdf.model.impl.ModelCom.read(ModelCom.java:261)
	at org.semarglproject.jena.JenaRdfaXPathReaderTest$1.run(JenaRdfaXPathReaderTest.java:45)
	at org.semarglproject.rdf.rdfa.RdfaTestBundle.runTestBundle(RdfaTestBundle.java:196)
	at org.semarglproject.jena.JenaRdfaXPathReaderTest.Rdfa11XmlTestsJena(JenaRdfaXPathReaderTest.java:151)
	at sun.reflect.GeneratedMethodAccessor3.invoke(Unknown Source)
	at sun.reflect.DelegatingMethodAccessorImpl.invoke(Unknown Source)
	at java.lang.reflect.Method.invoke(Unknown Source)
	at org.testng.internal.MethodInvocationHelper.invokeMethod(MethodInvocationHelper.java:80)
	at org.testng.internal.Invoker.invokeMethod(Invoker.java:714)
	at org.testng.internal.Invoker.invokeTestMethod(Invoker.java:901)
	at org.testng.internal.Invoker.invokeTestMethods(Invoker.java:1231)
	at org.testng.internal.TestMethodWorker.invokeTestMethods(TestMethodWorker.java:128)
	at org.testng.internal.TestMethodWorker.run(TestMethodWorker.java:111)
	at org.testng.TestRunner.privateRun(TestRunner.java:767)
	at org.testng.TestRunner.run(TestRunner.java:617)
	at org.testng.SuiteRunner.runTest(SuiteRunner.java:334)
	at org.testng.SuiteRunner.runSequentially(SuiteRunner.java:329)
	at org.testng.SuiteRunner.privateRun(SuiteRunner.java:291)
	at org.testng.SuiteRunner.run(SuiteRunner.java:240)
	at org.testng.SuiteRunnerWorker.runSuite(SuiteRunnerWorker.java:52)
	at org.testng.SuiteRunnerWorker.run(SuiteRunnerWorker.java:86)
	at org.testng.TestNG.runSuitesSequentially(TestNG.java:1203)
	at org.testng.TestNG.runSuitesLocally(TestNG.java:1128)
	at org.testng.TestNG.run(TestNG.java:1036)
	at org.testng.remote.RemoteTestNG.run(RemoteTestNG.java:111)
	at org.testng.remote.RemoteTestNG.initAndRun(RemoteTestNG.java:204)
	at org.testng.remote.RemoteTestNG.main(RemoteTestNG.java:175)
]]>
    </failure>
  </testcase> <!-- Rdfa11XmlTestsJena -->
</testsuite> <!-- org.semarglproject.jena.JenaRdfaXPathReaderTest -->
